[0.017s] Invoking command in '/home/logan/worm-picker/build/worm_picker_description': CMAKE_PREFIX_PATH=${CMAKE_PREFIX_PATH}:/home/logan/ws_moveit2/install/generate_parameter_module_example:/home/logan/ws_moveit2/install/moveit_configs_utils:/home/logan/ws_moveit2/install/generate_parameter_library_py:/opt/ros/humble /usr/bin/cmake /home/logan/worm-picker/src/worm_picker_description -DCMAKE_INSTALL_PREFIX=/home/logan/worm-picker/install/worm_picker_description
[0.061s] -- The C compiler identification is GNU 11.4.0
[0.100s] -- The CXX compiler identification is GNU 11.4.0
[0.105s] -- Detecting C compiler ABI info
[0.162s] -- Detecting C compiler ABI info - done
[0.171s] -- Check for working C compiler: /usr/bin/cc - skipped
[0.171s] -- Detecting C compile features
[0.171s] -- Detecting C compile features - done
[0.174s] -- Detecting CXX compiler ABI info
[0.237s] -- Detecting CXX compiler ABI info - done
[0.243s] -- Check for working CXX compiler: /usr/bin/c++ - skipped
[0.244s] -- Detecting CXX compile features
[0.244s] -- Detecting CXX compile features - done
[0.248s] -- Found ament_cmake: 1.3.10 (/opt/ros/humble/share/ament_cmake/cmake)
[0.361s] -- Found Python3: /usr/bin/python3 (found version "3.10.12") found components: Interpreter 
[0.467s] -- Found xacro: 2.0.8 (/opt/ros/humble/share/xacro/cmake)
[0.512s] -- Configuring done
[0.514s] -- Generating done
[0.514s] -- Build files have been written to: /home/logan/worm-picker/build/worm_picker_description
[0.517s] Invoked command in '/home/logan/worm-picker/build/worm_picker_description' returned '0': CMAKE_PREFIX_PATH=${CMAKE_PREFIX_PATH}:/home/logan/ws_moveit2/install/generate_parameter_module_example:/home/logan/ws_moveit2/install/moveit_configs_utils:/home/logan/ws_moveit2/install/generate_parameter_library_py:/opt/ros/humble /usr/bin/cmake /home/logan/worm-picker/src/worm_picker_description -DCMAKE_INSTALL_PREFIX=/home/logan/worm-picker/install/worm_picker_description
[0.519s] Invoking command in '/home/logan/worm-picker/build/worm_picker_description': CMAKE_PREFIX_PATH=${CMAKE_PREFIX_PATH}:/home/logan/ws_moveit2/install/generate_parameter_module_example:/home/logan/ws_moveit2/install/moveit_configs_utils:/home/logan/ws_moveit2/install/generate_parameter_library_py:/opt/ros/humble /usr/bin/cmake --build /home/logan/worm-picker/build/worm_picker_description -- -j16 -l16
[0.555s] Invoked command in '/home/logan/worm-picker/build/worm_picker_description' returned '0': CMAKE_PREFIX_PATH=${CMAKE_PREFIX_PATH}:/home/logan/ws_moveit2/install/generate_parameter_module_example:/home/logan/ws_moveit2/install/moveit_configs_utils:/home/logan/ws_moveit2/install/generate_parameter_library_py:/opt/ros/humble /usr/bin/cmake --build /home/logan/worm-picker/build/worm_picker_description -- -j16 -l16
[0.591s] Invoking command in '/home/logan/worm-picker/build/worm_picker_description': CMAKE_PREFIX_PATH=${CMAKE_PREFIX_PATH}:/home/logan/ws_moveit2/install/generate_parameter_module_example:/home/logan/ws_moveit2/install/moveit_configs_utils:/home/logan/ws_moveit2/install/generate_parameter_library_py:/opt/ros/humble /usr/bin/cmake --install /home/logan/worm-picker/build/worm_picker_description
[0.597s] -- Install configuration: ""
[0.597s] -- Installing: /home/logan/worm-picker/install/worm_picker_description/share/worm_picker_description/config
[0.597s] -- Installing: /home/logan/worm-picker/install/worm_picker_description/share/worm_picker_description/config/joint_names_gp4.yaml
[0.597s] -- Installing: /home/logan/worm-picker/install/worm_picker_description/share/worm_picker_description/config/opw_parameters_gp4.yaml
[0.597s] -- Installing: /home/logan/worm-picker/install/worm_picker_description/share/worm_picker_description/config/visualize_description.rviz
[0.598s] -- Installing: /home/logan/worm-picker/install/worm_picker_description/share/worm_picker_description/meshes
[0.598s] -- Installing: /home/logan/worm-picker/install/worm_picker_description/share/worm_picker_description/meshes/robot
[0.598s] -- Installing: /home/logan/worm-picker/install/worm_picker_description/share/worm_picker_description/meshes/robot/visual
[0.598s] -- Installing: /home/logan/worm-picker/install/worm_picker_description/share/worm_picker_description/meshes/robot/visual/joint_1.dae
[0.598s] -- Installing: /home/logan/worm-picker/install/worm_picker_description/share/worm_picker_description/meshes/robot/visual/joint_6.dae
[0.598s] -- Installing: /home/logan/worm-picker/install/worm_picker_description/share/worm_picker_description/meshes/robot/visual/joint_5.dae
[0.598s] -- Installing: /home/logan/worm-picker/install/worm_picker_description/share/worm_picker_description/meshes/robot/visual/joint_2.dae
[0.598s] -- Installing: /home/logan/worm-picker/install/worm_picker_description/share/worm_picker_description/meshes/robot/visual/base_link.dae
[0.599s] -- Installing: /home/logan/worm-picker/install/worm_picker_description/share/worm_picker_description/meshes/robot/visual/joint_3.dae
[0.599s] -- Installing: /home/logan/worm-picker/install/worm_picker_description/share/worm_picker_description/meshes/robot/visual/joint_4.dae
[0.599s] -- Installing: /home/logan/worm-picker/install/worm_picker_description/share/worm_picker_description/meshes/robot/collision
[0.599s] -- Installing: /home/logan/worm-picker/install/worm_picker_description/share/worm_picker_description/meshes/robot/collision/joint_4.stl
[0.600s] -- Installing: /home/logan/worm-picker/install/worm_picker_description/share/worm_picker_description/meshes/robot/collision/joint_5.stl
[0.600s] -- Installing: /home/logan/worm-picker/install/worm_picker_description/share/worm_picker_description/meshes/robot/collision/joint_1.stl
[0.600s] -- Installing: /home/logan/worm-picker/install/worm_picker_description/share/worm_picker_description/meshes/robot/collision/joint_2.stl
[0.600s] -- Installing: /home/logan/worm-picker/install/worm_picker_description/share/worm_picker_description/meshes/robot/collision/joint_6.stl
[0.600s] -- Installing: /home/logan/worm-picker/install/worm_picker_description/share/worm_picker_description/meshes/robot/collision/base_link.stl
[0.600s] -- Installing: /home/logan/worm-picker/install/worm_picker_description/share/worm_picker_description/meshes/robot/collision/joint_3.stl
[0.600s] -- Installing: /home/logan/worm-picker/install/worm_picker_description/share/worm_picker_description/meshes/workcell
[0.600s] -- Installing: /home/logan/worm-picker/install/worm_picker_description/share/worm_picker_description/meshes/workcell/workstation_v1_visual.stl
[0.600s] -- Installing: /home/logan/worm-picker/install/worm_picker_description/share/worm_picker_description/meshes/workcell/eoat_v2.stl
[0.603s] -- Installing: /home/logan/worm-picker/install/worm_picker_description/share/worm_picker_description/meshes/workcell/eoat_v1.stl
[0.609s] -- Installing: /home/logan/worm-picker/install/worm_picker_description/share/worm_picker_description/meshes/workcell/hotel_1.stl
[0.610s] -- Installing: /home/logan/worm-picker/install/worm_picker_description/share/worm_picker_description/urdf
[0.610s] -- Installing: /home/logan/worm-picker/install/worm_picker_description/share/worm_picker_description/urdf/gp4_macro.xacro
[0.610s] -- Installing: /home/logan/worm-picker/install/worm_picker_description/share/worm_picker_description/urdf/common_materials.xacro
[0.610s] -- Installing: /home/logan/worm-picker/install/worm_picker_description/share/worm_picker_description/urdf/common_colors.xacro
[0.610s] -- Installing: /home/logan/worm-picker/install/worm_picker_description/share/worm_picker_description/urdf/workcell_macro.xacro
[0.610s] -- Installing: /home/logan/worm-picker/install/worm_picker_description/share/worm_picker_description/urdf/worm_picker_robot.urdf.xacro
[0.610s] -- Installing: /home/logan/worm-picker/install/worm_picker_description/share/ament_index/resource_index/package_run_dependencies/worm_picker_description
[0.610s] -- Installing: /home/logan/worm-picker/install/worm_picker_description/share/ament_index/resource_index/parent_prefix_path/worm_picker_description
[0.610s] -- Installing: /home/logan/worm-picker/install/worm_picker_description/share/worm_picker_description/environment/ament_prefix_path.sh
[0.610s] -- Installing: /home/logan/worm-picker/install/worm_picker_description/share/worm_picker_description/environment/ament_prefix_path.dsv
[0.610s] -- Installing: /home/logan/worm-picker/install/worm_picker_description/share/worm_picker_description/environment/path.sh
[0.610s] -- Installing: /home/logan/worm-picker/install/worm_picker_description/share/worm_picker_description/environment/path.dsv
[0.610s] -- Installing: /home/logan/worm-picker/install/worm_picker_description/share/worm_picker_description/local_setup.bash
[0.610s] -- Installing: /home/logan/worm-picker/install/worm_picker_description/share/worm_picker_description/local_setup.sh
[0.610s] -- Installing: /home/logan/worm-picker/install/worm_picker_description/share/worm_picker_description/local_setup.zsh
[0.610s] -- Installing: /home/logan/worm-picker/install/worm_picker_description/share/worm_picker_description/local_setup.dsv
[0.610s] -- Installing: /home/logan/worm-picker/install/worm_picker_description/share/worm_picker_description/package.dsv
[0.610s] -- Installing: /home/logan/worm-picker/install/worm_picker_description/share/ament_index/resource_index/packages/worm_picker_description
[0.611s] -- Installing: /home/logan/worm-picker/install/worm_picker_description/share/worm_picker_description/cmake/worm_picker_descriptionConfig.cmake
[0.611s] -- Installing: /home/logan/worm-picker/install/worm_picker_description/share/worm_picker_description/cmake/worm_picker_descriptionConfig-version.cmake
[0.611s] -- Installing: /home/logan/worm-picker/install/worm_picker_description/share/worm_picker_description/package.xml
[0.612s] Invoked command in '/home/logan/worm-picker/build/worm_picker_description' returned '0': CMAKE_PREFIX_PATH=${CMAKE_PREFIX_PATH}:/home/logan/ws_moveit2/install/generate_parameter_module_example:/home/logan/ws_moveit2/install/moveit_configs_utils:/home/logan/ws_moveit2/install/generate_parameter_library_py:/opt/ros/humble /usr/bin/cmake --install /home/logan/worm-picker/build/worm_picker_description
