[0.012s] Invoking command in '/home/logan/worm-picker/build/worm_picker_custom_msgs': CMAKE_PREFIX_PATH=${CMAKE_PREFIX_PATH}:/home/logan/ws_moveit2/install/generate_parameter_module_example:/home/logan/ws_moveit2/install/moveit_configs_utils:/home/logan/ws_moveit2/install/generate_parameter_library_py:/opt/ros/humble /usr/bin/cmake /home/logan/worm-picker/src/worm_picker_custom_msgs -DCMAKE_INSTALL_PREFIX=/home/logan/worm-picker/install/worm_picker_custom_msgs
[0.054s] -- The C compiler identification is GNU 11.4.0
[0.091s] -- The CXX compiler identification is GNU 11.4.0
[0.096s] -- Detecting C compiler ABI info
[0.153s] -- Detecting C compiler ABI info - done
[0.158s] -- Check for working C compiler: /usr/bin/cc - skipped
[0.158s] -- Detecting C compile features
[0.158s] -- Detecting C compile features - done
[0.160s] -- Detecting CXX compiler ABI info
[0.223s] -- Detecting CXX compiler ABI info - done
[0.228s] -- Check for working CXX compiler: /usr/bin/c++ - skipped
[0.228s] -- Detecting CXX compile features
[0.228s] -- Detecting CXX compile features - done
[0.233s] -- Found ament_cmake: 1.3.10 (/opt/ros/humble/share/ament_cmake/cmake)
[0.347s] -- Found Python3: /usr/bin/python3 (found version "3.10.12") found components: Interpreter 
[0.458s] -- Found std_msgs: 4.2.4 (/opt/ros/humble/share/std_msgs/cmake)
[0.506s] -- Found rosidl_generator_c: 3.1.5 (/opt/ros/humble/share/rosidl_generator_c/cmake)
[0.515s] -- Found rosidl_adapter: 3.1.5 (/opt/ros/humble/share/rosidl_adapter/cmake)
[0.527s] -- Found rosidl_generator_cpp: 3.1.5 (/opt/ros/humble/share/rosidl_generator_cpp/cmake)
[0.542s] -- Using all available rosidl_typesupport_c: rosidl_typesupport_fastrtps_c;rosidl_typesupport_introspection_c
[0.563s] -- Using all available rosidl_typesupport_cpp: rosidl_typesupport_fastrtps_cpp;rosidl_typesupport_introspection_cpp
[0.590s] -- Found rosidl_default_generators: 1.2.0 (/opt/ros/humble/share/rosidl_default_generators/cmake)
[0.786s] -- Found ament_cmake_ros: 0.10.0 (/opt/ros/humble/share/ament_cmake_ros/cmake)
[1.029s] -- Using all available rosidl_typesupport_c: rosidl_typesupport_fastrtps_c;rosidl_typesupport_introspection_c
[1.113s] -- Using all available rosidl_typesupport_cpp: rosidl_typesupport_fastrtps_cpp;rosidl_typesupport_introspection_cpp
[1.131s] -- Found PythonInterp: /usr/bin/python3 (found suitable version "3.10.12", minimum required is "3.6") 
[1.134s] -- Found python_cmake_module: 0.10.0 (/opt/ros/humble/share/python_cmake_module/cmake)
[1.158s] -- Found PythonLibs: /usr/lib/x86_64-linux-gnu/libpython3.10.so (found suitable version "3.10.12", minimum required is "3.5") 
[1.158s] -- Using PYTHON_EXECUTABLE: /usr/bin/python3
[1.158s] -- Using PYTHON_INCLUDE_DIRS: /usr/include/python3.10
[1.158s] -- Using PYTHON_LIBRARIES: /usr/lib/x86_64-linux-gnu/libpython3.10.so
[1.173s] -- Found PythonExtra: .so  
[1.219s] -- Found ament_lint_auto: 0.12.11 (/opt/ros/humble/share/ament_lint_auto/cmake)
[1.251s] -- Added test 'lint_cmake' to check CMake code style
[1.252s] -- Added test 'xmllint' to check XML markup files
[1.255s] -- Configuring done
[1.270s] -- Generating done
[1.271s] -- Build files have been written to: /home/logan/worm-picker/build/worm_picker_custom_msgs
[1.276s] Invoked command in '/home/logan/worm-picker/build/worm_picker_custom_msgs' returned '0': CMAKE_PREFIX_PATH=${CMAKE_PREFIX_PATH}:/home/logan/ws_moveit2/install/generate_parameter_module_example:/home/logan/ws_moveit2/install/moveit_configs_utils:/home/logan/ws_moveit2/install/generate_parameter_library_py:/opt/ros/humble /usr/bin/cmake /home/logan/worm-picker/src/worm_picker_custom_msgs -DCMAKE_INSTALL_PREFIX=/home/logan/worm-picker/install/worm_picker_custom_msgs
[1.277s] Invoking command in '/home/logan/worm-picker/build/worm_picker_custom_msgs': CMAKE_PREFIX_PATH=${CMAKE_PREFIX_PATH}:/home/logan/ws_moveit2/install/generate_parameter_module_example:/home/logan/ws_moveit2/install/moveit_configs_utils:/home/logan/ws_moveit2/install/generate_parameter_library_py:/opt/ros/humble /usr/bin/cmake --build /home/logan/worm-picker/build/worm_picker_custom_msgs -- -j16 -l16
[1.314s] [  3%] [34m[1mGenerating C code for ROS interfaces[0m
[1.324s] [  6%] [34m[1mGenerating C++ code for ROS interfaces[0m
[1.332s] [  6%] Built target ament_cmake_python_copy_worm_picker_custom_msgs
[1.517s] running egg_info
[1.518s] creating worm_picker_custom_msgs.egg-info
[1.518s] writing worm_picker_custom_msgs.egg-info/PKG-INFO
[1.518s] writing dependency_links to worm_picker_custom_msgs.egg-info/dependency_links.txt
[1.518s] writing top-level names to worm_picker_custom_msgs.egg-info/top_level.txt
[1.518s] writing manifest file 'worm_picker_custom_msgs.egg-info/SOURCES.txt'
[1.519s] reading manifest file 'worm_picker_custom_msgs.egg-info/SOURCES.txt'
[1.520s] writing manifest file 'worm_picker_custom_msgs.egg-info/SOURCES.txt'
[1.537s] [  9%] [32mBuilding C object CMakeFiles/worm_picker_custom_msgs__rosidl_generator_c.dir/rosidl_generator_c/worm_picker_custom_msgs/srv/detail/task_command__functions.c.o[0m
[1.545s] [  9%] Built target ament_cmake_python_build_worm_picker_custom_msgs_egg
[1.549s] [  9%] Built target worm_picker_custom_msgs__cpp
[1.560s] [ 19%] [34m[1mGenerating C++ introspection for ROS interfaces[0m
[1.560s] [ 19%] [34m[1mGenerating C++ type support dispatch for ROS interfaces[0m
[1.560s] [ 19%] [34m[1mGenerating C++ type support for eProsima Fast-RTPS[0m
[1.580s] [ 22%] [32m[1mLinking C shared library libworm_picker_custom_msgs__rosidl_generator_c.so[0m
[1.613s] [ 22%] Built target worm_picker_custom_msgs__rosidl_generator_c
[1.629s] [ 25%] [34m[1mGenerating C type support dispatch for ROS interfaces[0m
[1.629s] [ 29%] [34m[1mGenerating C introspection for ROS interfaces[0m
[1.631s] [ 32%] [34m[1mGenerating C type support for eProsima Fast-RTPS[0m
[1.760s] [ 35%] [32mBuilding CXX object CMakeFiles/worm_picker_custom_msgs__rosidl_typesupport_cpp.dir/rosidl_typesupport_cpp/worm_picker_custom_msgs/srv/task_command__type_support.cpp.o[0m
[1.788s] [ 38%] [32mBuilding CXX object CMakeFiles/worm_picker_custom_msgs__rosidl_typesupport_introspection_cpp.dir/rosidl_typesupport_introspection_cpp/worm_picker_custom_msgs/srv/detail/task_command__type_support.cpp.o[0m
[1.892s] [ 41%] [32mBuilding CXX object CMakeFiles/worm_picker_custom_msgs__rosidl_typesupport_fastrtps_cpp.dir/rosidl_typesupport_fastrtps_cpp/worm_picker_custom_msgs/srv/detail/dds_fastrtps/task_command__type_support.cpp.o[0m
[1.966s] [ 45%] [32mBuilding CXX object CMakeFiles/worm_picker_custom_msgs__rosidl_typesupport_fastrtps_c.dir/rosidl_typesupport_fastrtps_c/worm_picker_custom_msgs/srv/detail/task_command__type_support_c.cpp.o[0m
[1.967s] [ 48%] [32m[1mLinking CXX shared library libworm_picker_custom_msgs__rosidl_typesupport_cpp.so[0m
[1.972s] [ 51%] [32mBuilding CXX object CMakeFiles/worm_picker_custom_msgs__rosidl_typesupport_c.dir/rosidl_typesupport_c/worm_picker_custom_msgs/srv/task_command__type_support.cpp.o[0m
[2.001s] [ 54%] [32mBuilding C object CMakeFiles/worm_picker_custom_msgs__rosidl_typesupport_introspection_c.dir/rosidl_typesupport_introspection_c/worm_picker_custom_msgs/srv/detail/task_command__type_support.c.o[0m
[2.001s] [ 58%] [32m[1mLinking CXX shared library libworm_picker_custom_msgs__rosidl_typesupport_c.so[0m
[2.006s] [ 58%] Built target worm_picker_custom_msgs__rosidl_typesupport_cpp
[2.042s] [ 61%] [32m[1mLinking C shared library libworm_picker_custom_msgs__rosidl_typesupport_introspection_c.so[0m
[2.047s] [ 61%] Built target worm_picker_custom_msgs__rosidl_typesupport_c
[2.072s] [ 61%] Built target worm_picker_custom_msgs__rosidl_typesupport_introspection_c
[2.191s] [ 64%] [32m[1mLinking CXX shared library libworm_picker_custom_msgs__rosidl_typesupport_introspection_cpp.so[0m
[2.256s] [ 67%] [32m[1mLinking CXX shared library libworm_picker_custom_msgs__rosidl_typesupport_fastrtps_c.so[0m
[2.269s] [ 67%] Built target worm_picker_custom_msgs__rosidl_typesupport_introspection_cpp
[2.319s] [ 70%] [32m[1mLinking CXX shared library libworm_picker_custom_msgs__rosidl_typesupport_fastrtps_cpp.so[0m
[2.321s] [ 70%] Built target worm_picker_custom_msgs__rosidl_typesupport_fastrtps_c
[2.380s] [ 70%] Built target worm_picker_custom_msgs__rosidl_typesupport_fastrtps_cpp
[2.403s] [ 70%] Built target worm_picker_custom_msgs
[2.426s] [ 74%] [34m[1mGenerating Python code for ROS interfaces[0m
[2.712s] [ 74%] Built target worm_picker_custom_msgs__py
[2.741s] [ 77%] [32mBuilding C object CMakeFiles/worm_picker_custom_msgs__rosidl_generator_py.dir/rosidl_generator_py/worm_picker_custom_msgs/srv/_task_command_s.c.o[0m
[2.905s] [ 80%] [32m[1mLinking C shared library rosidl_generator_py/worm_picker_custom_msgs/libworm_picker_custom_msgs__rosidl_generator_py.so[0m
[3.020s] [ 80%] Built target worm_picker_custom_msgs__rosidl_generator_py
[3.091s] [ 83%] [32mBuilding C object CMakeFiles/worm_picker_custom_msgs__rosidl_typesupport_introspection_c__pyext.dir/rosidl_generator_py/worm_picker_custom_msgs/_worm_picker_custom_msgs_s.ep.rosidl_typesupport_introspection_c.c.o[0m
[3.110s] [ 87%] [32mBuilding C object CMakeFiles/worm_picker_custom_msgs__rosidl_typesupport_fastrtps_c__pyext.dir/rosidl_generator_py/worm_picker_custom_msgs/_worm_picker_custom_msgs_s.ep.rosidl_typesupport_fastrtps_c.c.o[0m
[3.112s] [ 90%] [32mBuilding C object CMakeFiles/worm_picker_custom_msgs__rosidl_typesupport_c__pyext.dir/rosidl_generator_py/worm_picker_custom_msgs/_worm_picker_custom_msgs_s.ep.rosidl_typesupport_c.c.o[0m
[3.279s] [ 93%] [32m[1mLinking C shared library rosidl_generator_py/worm_picker_custom_msgs/worm_picker_custom_msgs_s__rosidl_typesupport_introspection_c.cpython-310-x86_64-linux-gnu.so[0m
[3.295s] [ 96%] [32m[1mLinking C shared library rosidl_generator_py/worm_picker_custom_msgs/worm_picker_custom_msgs_s__rosidl_typesupport_c.cpython-310-x86_64-linux-gnu.so[0m
[3.321s] [100%] [32m[1mLinking C shared library rosidl_generator_py/worm_picker_custom_msgs/worm_picker_custom_msgs_s__rosidl_typesupport_fastrtps_c.cpython-310-x86_64-linux-gnu.so[0m
[3.367s] [100%] Built target worm_picker_custom_msgs__rosidl_typesupport_introspection_c__pyext
[3.417s] [100%] Built target worm_picker_custom_msgs__rosidl_typesupport_c__pyext
[3.428s] [100%] Built target worm_picker_custom_msgs__rosidl_typesupport_fastrtps_c__pyext
[3.472s] Invoked command in '/home/logan/worm-picker/build/worm_picker_custom_msgs' returned '0': CMAKE_PREFIX_PATH=${CMAKE_PREFIX_PATH}:/home/logan/ws_moveit2/install/generate_parameter_module_example:/home/logan/ws_moveit2/install/moveit_configs_utils:/home/logan/ws_moveit2/install/generate_parameter_library_py:/opt/ros/humble /usr/bin/cmake --build /home/logan/worm-picker/build/worm_picker_custom_msgs -- -j16 -l16
[3.720s] Invoking command in '/home/logan/worm-picker/build/worm_picker_custom_msgs': CMAKE_PREFIX_PATH=${CMAKE_PREFIX_PATH}:/home/logan/ws_moveit2/install/generate_parameter_module_example:/home/logan/ws_moveit2/install/moveit_configs_utils:/home/logan/ws_moveit2/install/generate_parameter_library_py:/opt/ros/humble /usr/bin/cmake --install /home/logan/worm-picker/build/worm_picker_custom_msgs
[3.729s] -- Install configuration: ""
[3.729s] -- Installing: /home/logan/worm-picker/install/worm_picker_custom_msgs/share/ament_index/resource_index/rosidl_interfaces/worm_picker_custom_msgs
[3.729s] -- Installing: /home/logan/worm-picker/install/worm_picker_custom_msgs/include/worm_picker_custom_msgs/worm_picker_custom_msgs
[3.729s] -- Installing: /home/logan/worm-picker/install/worm_picker_custom_msgs/include/worm_picker_custom_msgs/worm_picker_custom_msgs/msg
[3.729s] -- Installing: /home/logan/worm-picker/install/worm_picker_custom_msgs/include/worm_picker_custom_msgs/worm_picker_custom_msgs/msg/rosidl_generator_c__visibility_control.h
[3.729s] -- Installing: /home/logan/worm-picker/install/worm_picker_custom_msgs/include/worm_picker_custom_msgs/worm_picker_custom_msgs/srv
[3.730s] -- Installing: /home/logan/worm-picker/install/worm_picker_custom_msgs/include/worm_picker_custom_msgs/worm_picker_custom_msgs/srv/task_command.h
[3.730s] -- Installing: /home/logan/worm-picker/install/worm_picker_custom_msgs/include/worm_picker_custom_msgs/worm_picker_custom_msgs/srv/detail
[3.730s] -- Installing: /home/logan/worm-picker/install/worm_picker_custom_msgs/include/worm_picker_custom_msgs/worm_picker_custom_msgs/srv/detail/task_command__functions.c
[3.730s] -- Installing: /home/logan/worm-picker/install/worm_picker_custom_msgs/include/worm_picker_custom_msgs/worm_picker_custom_msgs/srv/detail/task_command__struct.h
[3.730s] -- Installing: /home/logan/worm-picker/install/worm_picker_custom_msgs/include/worm_picker_custom_msgs/worm_picker_custom_msgs/srv/detail/task_command__type_support.h
[3.730s] -- Installing: /home/logan/worm-picker/install/worm_picker_custom_msgs/include/worm_picker_custom_msgs/worm_picker_custom_msgs/srv/detail/task_command__functions.h
[3.730s] -- Installing: /home/logan/worm-picker/install/worm_picker_custom_msgs/share/worm_picker_custom_msgs/environment/library_path.sh
[3.730s] -- Installing: /home/logan/worm-picker/install/worm_picker_custom_msgs/share/worm_picker_custom_msgs/environment/library_path.dsv
[3.730s] -- Installing: /home/logan/worm-picker/install/worm_picker_custom_msgs/lib/libworm_picker_custom_msgs__rosidl_generator_c.so
[3.730s] -- Set runtime path of "/home/logan/worm-picker/install/worm_picker_custom_msgs/lib/libworm_picker_custom_msgs__rosidl_generator_c.so" to ""
[3.730s] -- Up-to-date: /home/logan/worm-picker/install/worm_picker_custom_msgs/include/worm_picker_custom_msgs/worm_picker_custom_msgs
[3.730s] -- Up-to-date: /home/logan/worm-picker/install/worm_picker_custom_msgs/include/worm_picker_custom_msgs/worm_picker_custom_msgs/msg
[3.730s] -- Installing: /home/logan/worm-picker/install/worm_picker_custom_msgs/include/worm_picker_custom_msgs/worm_picker_custom_msgs/msg/rosidl_typesupport_fastrtps_c__visibility_control.h
[3.731s] -- Up-to-date: /home/logan/worm-picker/install/worm_picker_custom_msgs/include/worm_picker_custom_msgs/worm_picker_custom_msgs/srv
[3.731s] -- Up-to-date: /home/logan/worm-picker/install/worm_picker_custom_msgs/include/worm_picker_custom_msgs/worm_picker_custom_msgs/srv/detail
[3.731s] -- Installing: /home/logan/worm-picker/install/worm_picker_custom_msgs/include/worm_picker_custom_msgs/worm_picker_custom_msgs/srv/detail/task_command__rosidl_typesupport_fastrtps_c.h
[3.731s] -- Installing: /home/logan/worm-picker/install/worm_picker_custom_msgs/lib/libworm_picker_custom_msgs__rosidl_typesupport_fastrtps_c.so
[3.731s] -- Set runtime path of "/home/logan/worm-picker/install/worm_picker_custom_msgs/lib/libworm_picker_custom_msgs__rosidl_typesupport_fastrtps_c.so" to ""
[3.731s] -- Up-to-date: /home/logan/worm-picker/install/worm_picker_custom_msgs/include/worm_picker_custom_msgs/worm_picker_custom_msgs
[3.731s] -- Up-to-date: /home/logan/worm-picker/install/worm_picker_custom_msgs/include/worm_picker_custom_msgs/worm_picker_custom_msgs/srv
[3.731s] -- Installing: /home/logan/worm-picker/install/worm_picker_custom_msgs/include/worm_picker_custom_msgs/worm_picker_custom_msgs/srv/task_command.hpp
[3.731s] -- Up-to-date: /home/logan/worm-picker/install/worm_picker_custom_msgs/include/worm_picker_custom_msgs/worm_picker_custom_msgs/srv/detail
[3.731s] -- Installing: /home/logan/worm-picker/install/worm_picker_custom_msgs/include/worm_picker_custom_msgs/worm_picker_custom_msgs/srv/detail/task_command__traits.hpp
[3.731s] -- Installing: /home/logan/worm-picker/install/worm_picker_custom_msgs/include/worm_picker_custom_msgs/worm_picker_custom_msgs/srv/detail/task_command__builder.hpp
[3.731s] -- Installing: /home/logan/worm-picker/install/worm_picker_custom_msgs/include/worm_picker_custom_msgs/worm_picker_custom_msgs/srv/detail/task_command__struct.hpp
[3.731s] -- Up-to-date: /home/logan/worm-picker/install/worm_picker_custom_msgs/include/worm_picker_custom_msgs/worm_picker_custom_msgs
[3.732s] -- Up-to-date: /home/logan/worm-picker/install/worm_picker_custom_msgs/include/worm_picker_custom_msgs/worm_picker_custom_msgs/msg
[3.732s] -- Installing: /home/logan/worm-picker/install/worm_picker_custom_msgs/include/worm_picker_custom_msgs/worm_picker_custom_msgs/msg/rosidl_typesupport_fastrtps_cpp__visibility_control.h
[3.732s] -- Up-to-date: /home/logan/worm-picker/install/worm_picker_custom_msgs/include/worm_picker_custom_msgs/worm_picker_custom_msgs/srv
[3.732s] -- Up-to-date: /home/logan/worm-picker/install/worm_picker_custom_msgs/include/worm_picker_custom_msgs/worm_picker_custom_msgs/srv/detail
[3.732s] -- Installing: /home/logan/worm-picker/install/worm_picker_custom_msgs/include/worm_picker_custom_msgs/worm_picker_custom_msgs/srv/detail/task_command__rosidl_typesupport_fastrtps_cpp.hpp
[3.732s] -- Installing: /home/logan/worm-picker/install/worm_picker_custom_msgs/include/worm_picker_custom_msgs/worm_picker_custom_msgs/srv/detail/dds_fastrtps
[3.732s] -- Installing: /home/logan/worm-picker/install/worm_picker_custom_msgs/lib/libworm_picker_custom_msgs__rosidl_typesupport_fastrtps_cpp.so
[3.732s] -- Set runtime path of "/home/logan/worm-picker/install/worm_picker_custom_msgs/lib/libworm_picker_custom_msgs__rosidl_typesupport_fastrtps_cpp.so" to ""
[3.732s] -- Up-to-date: /home/logan/worm-picker/install/worm_picker_custom_msgs/include/worm_picker_custom_msgs/worm_picker_custom_msgs
[3.732s] -- Up-to-date: /home/logan/worm-picker/install/worm_picker_custom_msgs/include/worm_picker_custom_msgs/worm_picker_custom_msgs/msg
[3.732s] -- Installing: /home/logan/worm-picker/install/worm_picker_custom_msgs/include/worm_picker_custom_msgs/worm_picker_custom_msgs/msg/rosidl_typesupport_introspection_c__visibility_control.h
[3.732s] -- Up-to-date: /home/logan/worm-picker/install/worm_picker_custom_msgs/include/worm_picker_custom_msgs/worm_picker_custom_msgs/srv
[3.732s] -- Up-to-date: /home/logan/worm-picker/install/worm_picker_custom_msgs/include/worm_picker_custom_msgs/worm_picker_custom_msgs/srv/detail
[3.732s] -- Installing: /home/logan/worm-picker/install/worm_picker_custom_msgs/include/worm_picker_custom_msgs/worm_picker_custom_msgs/srv/detail/task_command__type_support.c
[3.733s] -- Installing: /home/logan/worm-picker/install/worm_picker_custom_msgs/include/worm_picker_custom_msgs/worm_picker_custom_msgs/srv/detail/task_command__rosidl_typesupport_introspection_c.h
[3.733s] -- Installing: /home/logan/worm-picker/install/worm_picker_custom_msgs/lib/libworm_picker_custom_msgs__rosidl_typesupport_introspection_c.so
[3.733s] -- Set runtime path of "/home/logan/worm-picker/install/worm_picker_custom_msgs/lib/libworm_picker_custom_msgs__rosidl_typesupport_introspection_c.so" to ""
[3.733s] -- Installing: /home/logan/worm-picker/install/worm_picker_custom_msgs/lib/libworm_picker_custom_msgs__rosidl_typesupport_c.so
[3.733s] -- Set runtime path of "/home/logan/worm-picker/install/worm_picker_custom_msgs/lib/libworm_picker_custom_msgs__rosidl_typesupport_c.so" to ""
[3.733s] -- Up-to-date: /home/logan/worm-picker/install/worm_picker_custom_msgs/include/worm_picker_custom_msgs/worm_picker_custom_msgs
[3.733s] -- Up-to-date: /home/logan/worm-picker/install/worm_picker_custom_msgs/include/worm_picker_custom_msgs/worm_picker_custom_msgs/srv
[3.733s] -- Up-to-date: /home/logan/worm-picker/install/worm_picker_custom_msgs/include/worm_picker_custom_msgs/worm_picker_custom_msgs/srv/detail
[3.733s] -- Installing: /home/logan/worm-picker/install/worm_picker_custom_msgs/include/worm_picker_custom_msgs/worm_picker_custom_msgs/srv/detail/task_command__type_support.cpp
[3.733s] -- Installing: /home/logan/worm-picker/install/worm_picker_custom_msgs/include/worm_picker_custom_msgs/worm_picker_custom_msgs/srv/detail/task_command__rosidl_typesupport_introspection_cpp.hpp
[3.733s] -- Installing: /home/logan/worm-picker/install/worm_picker_custom_msgs/lib/libworm_picker_custom_msgs__rosidl_typesupport_introspection_cpp.so
[3.733s] -- Set runtime path of "/home/logan/worm-picker/install/worm_picker_custom_msgs/lib/libworm_picker_custom_msgs__rosidl_typesupport_introspection_cpp.so" to ""
[3.733s] -- Installing: /home/logan/worm-picker/install/worm_picker_custom_msgs/lib/libworm_picker_custom_msgs__rosidl_typesupport_cpp.so
[3.733s] -- Set runtime path of "/home/logan/worm-picker/install/worm_picker_custom_msgs/lib/libworm_picker_custom_msgs__rosidl_typesupport_cpp.so" to ""
[3.733s] -- Installing: /home/logan/worm-picker/install/worm_picker_custom_msgs/share/worm_picker_custom_msgs/environment/pythonpath.sh
[3.734s] -- Installing: /home/logan/worm-picker/install/worm_picker_custom_msgs/share/worm_picker_custom_msgs/environment/pythonpath.dsv
[3.734s] -- Installing: /home/logan/worm-picker/install/worm_picker_custom_msgs/local/lib/python3.10/dist-packages/worm_picker_custom_msgs-0.0.0-py3.10.egg-info
[3.734s] -- Installing: /home/logan/worm-picker/install/worm_picker_custom_msgs/local/lib/python3.10/dist-packages/worm_picker_custom_msgs-0.0.0-py3.10.egg-info/dependency_links.txt
[3.734s] -- Installing: /home/logan/worm-picker/install/worm_picker_custom_msgs/local/lib/python3.10/dist-packages/worm_picker_custom_msgs-0.0.0-py3.10.egg-info/PKG-INFO
[3.734s] -- Installing: /home/logan/worm-picker/install/worm_picker_custom_msgs/local/lib/python3.10/dist-packages/worm_picker_custom_msgs-0.0.0-py3.10.egg-info/SOURCES.txt
[3.734s] -- Installing: /home/logan/worm-picker/install/worm_picker_custom_msgs/local/lib/python3.10/dist-packages/worm_picker_custom_msgs-0.0.0-py3.10.egg-info/top_level.txt
[3.734s] -- Installing: /home/logan/worm-picker/install/worm_picker_custom_msgs/local/lib/python3.10/dist-packages/worm_picker_custom_msgs
[3.734s] -- Installing: /home/logan/worm-picker/install/worm_picker_custom_msgs/local/lib/python3.10/dist-packages/worm_picker_custom_msgs/_worm_picker_custom_msgs_s.ep.rosidl_typesupport_introspection_c.c
[3.734s] -- Installing: /home/logan/worm-picker/install/worm_picker_custom_msgs/local/lib/python3.10/dist-packages/worm_picker_custom_msgs/_worm_picker_custom_msgs_s.ep.rosidl_typesupport_c.c
[3.734s] -- Installing: /home/logan/worm-picker/install/worm_picker_custom_msgs/local/lib/python3.10/dist-packages/worm_picker_custom_msgs/worm_picker_custom_msgs_s__rosidl_typesupport_introspection_c.cpython-310-x86_64-linux-gnu.so
[3.734s] -- Installing: /home/logan/worm-picker/install/worm_picker_custom_msgs/local/lib/python3.10/dist-packages/worm_picker_custom_msgs/worm_picker_custom_msgs_s__rosidl_typesupport_fastrtps_c.cpython-310-x86_64-linux-gnu.so
[3.734s] -- Installing: /home/logan/worm-picker/install/worm_picker_custom_msgs/local/lib/python3.10/dist-packages/worm_picker_custom_msgs/worm_picker_custom_msgs_s__rosidl_typesupport_c.cpython-310-x86_64-linux-gnu.so
[3.734s] -- Installing: /home/logan/worm-picker/install/worm_picker_custom_msgs/local/lib/python3.10/dist-packages/worm_picker_custom_msgs/__init__.py
[3.735s] -- Installing: /home/logan/worm-picker/install/worm_picker_custom_msgs/local/lib/python3.10/dist-packages/worm_picker_custom_msgs/_worm_picker_custom_msgs_s.ep.rosidl_typesupport_fastrtps_c.c
[3.735s] -- Installing: /home/logan/worm-picker/install/worm_picker_custom_msgs/local/lib/python3.10/dist-packages/worm_picker_custom_msgs/srv
[3.735s] -- Installing: /home/logan/worm-picker/install/worm_picker_custom_msgs/local/lib/python3.10/dist-packages/worm_picker_custom_msgs/srv/_task_command.py
[3.735s] -- Installing: /home/logan/worm-picker/install/worm_picker_custom_msgs/local/lib/python3.10/dist-packages/worm_picker_custom_msgs/srv/__init__.py
[3.735s] -- Installing: /home/logan/worm-picker/install/worm_picker_custom_msgs/local/lib/python3.10/dist-packages/worm_picker_custom_msgs/srv/_task_command_s.c
[3.735s] -- Installing: /home/logan/worm-picker/install/worm_picker_custom_msgs/local/lib/python3.10/dist-packages/worm_picker_custom_msgs/libworm_picker_custom_msgs__rosidl_generator_py.so
[3.763s] Listing '/home/logan/worm-picker/install/worm_picker_custom_msgs/local/lib/python3.10/dist-packages/worm_picker_custom_msgs'...
[3.763s] Compiling '/home/logan/worm-picker/install/worm_picker_custom_msgs/local/lib/python3.10/dist-packages/worm_picker_custom_msgs/__init__.py'...
[3.763s] Listing '/home/logan/worm-picker/install/worm_picker_custom_msgs/local/lib/python3.10/dist-packages/worm_picker_custom_msgs/srv'...
[3.763s] Compiling '/home/logan/worm-picker/install/worm_picker_custom_msgs/local/lib/python3.10/dist-packages/worm_picker_custom_msgs/srv/__init__.py'...
[3.763s] Compiling '/home/logan/worm-picker/install/worm_picker_custom_msgs/local/lib/python3.10/dist-packages/worm_picker_custom_msgs/srv/_task_command.py'...
[3.766s] -- Installing: /home/logan/worm-picker/install/worm_picker_custom_msgs/local/lib/python3.10/dist-packages/worm_picker_custom_msgs/worm_picker_custom_msgs_s__rosidl_typesupport_fastrtps_c.cpython-310-x86_64-linux-gnu.so
[3.766s] -- Set runtime path of "/home/logan/worm-picker/install/worm_picker_custom_msgs/local/lib/python3.10/dist-packages/worm_picker_custom_msgs/worm_picker_custom_msgs_s__rosidl_typesupport_fastrtps_c.cpython-310-x86_64-linux-gnu.so" to ""
[3.766s] -- Installing: /home/logan/worm-picker/install/worm_picker_custom_msgs/local/lib/python3.10/dist-packages/worm_picker_custom_msgs/worm_picker_custom_msgs_s__rosidl_typesupport_introspection_c.cpython-310-x86_64-linux-gnu.so
[3.766s] -- Set runtime path of "/home/logan/worm-picker/install/worm_picker_custom_msgs/local/lib/python3.10/dist-packages/worm_picker_custom_msgs/worm_picker_custom_msgs_s__rosidl_typesupport_introspection_c.cpython-310-x86_64-linux-gnu.so" to ""
[3.767s] -- Installing: /home/logan/worm-picker/install/worm_picker_custom_msgs/local/lib/python3.10/dist-packages/worm_picker_custom_msgs/worm_picker_custom_msgs_s__rosidl_typesupport_c.cpython-310-x86_64-linux-gnu.so
[3.767s] -- Set runtime path of "/home/logan/worm-picker/install/worm_picker_custom_msgs/local/lib/python3.10/dist-packages/worm_picker_custom_msgs/worm_picker_custom_msgs_s__rosidl_typesupport_c.cpython-310-x86_64-linux-gnu.so" to ""
[3.767s] -- Installing: /home/logan/worm-picker/install/worm_picker_custom_msgs/lib/libworm_picker_custom_msgs__rosidl_generator_py.so
[3.767s] -- Set runtime path of "/home/logan/worm-picker/install/worm_picker_custom_msgs/lib/libworm_picker_custom_msgs__rosidl_generator_py.so" to ""
[3.767s] -- Installing: /home/logan/worm-picker/install/worm_picker_custom_msgs/share/worm_picker_custom_msgs/srv/TaskCommand.idl
[3.767s] -- Installing: /home/logan/worm-picker/install/worm_picker_custom_msgs/share/worm_picker_custom_msgs/srv/TaskCommand.srv
[3.767s] -- Installing: /home/logan/worm-picker/install/worm_picker_custom_msgs/share/worm_picker_custom_msgs/srv/TaskCommand_Request.msg
[3.767s] -- Installing: /home/logan/worm-picker/install/worm_picker_custom_msgs/share/worm_picker_custom_msgs/srv/TaskCommand_Response.msg
[3.767s] -- Installing: /home/logan/worm-picker/install/worm_picker_custom_msgs/share/ament_index/resource_index/package_run_dependencies/worm_picker_custom_msgs
[3.767s] -- Installing: /home/logan/worm-picker/install/worm_picker_custom_msgs/share/ament_index/resource_index/parent_prefix_path/worm_picker_custom_msgs
[3.767s] -- Installing: /home/logan/worm-picker/install/worm_picker_custom_msgs/share/worm_picker_custom_msgs/environment/ament_prefix_path.sh
[3.767s] -- Installing: /home/logan/worm-picker/install/worm_picker_custom_msgs/share/worm_picker_custom_msgs/environment/ament_prefix_path.dsv
[3.768s] -- Installing: /home/logan/worm-picker/install/worm_picker_custom_msgs/share/worm_picker_custom_msgs/environment/path.sh
[3.768s] -- Installing: /home/logan/worm-picker/install/worm_picker_custom_msgs/share/worm_picker_custom_msgs/environment/path.dsv
[3.768s] -- Installing: /home/logan/worm-picker/install/worm_picker_custom_msgs/share/worm_picker_custom_msgs/local_setup.bash
[3.768s] -- Installing: /home/logan/worm-picker/install/worm_picker_custom_msgs/share/worm_picker_custom_msgs/local_setup.sh
[3.768s] -- Installing: /home/logan/worm-picker/install/worm_picker_custom_msgs/share/worm_picker_custom_msgs/local_setup.zsh
[3.768s] -- Installing: /home/logan/worm-picker/install/worm_picker_custom_msgs/share/worm_picker_custom_msgs/local_setup.dsv
[3.768s] -- Installing: /home/logan/worm-picker/install/worm_picker_custom_msgs/share/worm_picker_custom_msgs/package.dsv
[3.768s] -- Installing: /home/logan/worm-picker/install/worm_picker_custom_msgs/share/ament_index/resource_index/packages/worm_picker_custom_msgs
[3.768s] -- Installing: /home/logan/worm-picker/install/worm_picker_custom_msgs/share/worm_picker_custom_msgs/cmake/export_worm_picker_custom_msgs__rosidl_generator_cExport.cmake
[3.768s] -- Installing: /home/logan/worm-picker/install/worm_picker_custom_msgs/share/worm_picker_custom_msgs/cmake/export_worm_picker_custom_msgs__rosidl_generator_cExport-noconfig.cmake
[3.768s] -- Installing: /home/logan/worm-picker/install/worm_picker_custom_msgs/share/worm_picker_custom_msgs/cmake/export_worm_picker_custom_msgs__rosidl_typesupport_fastrtps_cExport.cmake
[3.768s] -- Installing: /home/logan/worm-picker/install/worm_picker_custom_msgs/share/worm_picker_custom_msgs/cmake/export_worm_picker_custom_msgs__rosidl_typesupport_fastrtps_cExport-noconfig.cmake
[3.768s] -- Installing: /home/logan/worm-picker/install/worm_picker_custom_msgs/share/worm_picker_custom_msgs/cmake/export_worm_picker_custom_msgs__rosidl_generator_cppExport.cmake
[3.768s] -- Installing: /home/logan/worm-picker/install/worm_picker_custom_msgs/share/worm_picker_custom_msgs/cmake/export_worm_picker_custom_msgs__rosidl_typesupport_fastrtps_cppExport.cmake
[3.769s] -- Installing: /home/logan/worm-picker/install/worm_picker_custom_msgs/share/worm_picker_custom_msgs/cmake/export_worm_picker_custom_msgs__rosidl_typesupport_fastrtps_cppExport-noconfig.cmake
[3.769s] -- Installing: /home/logan/worm-picker/install/worm_picker_custom_msgs/share/worm_picker_custom_msgs/cmake/worm_picker_custom_msgs__rosidl_typesupport_introspection_cExport.cmake
[3.769s] -- Installing: /home/logan/worm-picker/install/worm_picker_custom_msgs/share/worm_picker_custom_msgs/cmake/worm_picker_custom_msgs__rosidl_typesupport_introspection_cExport-noconfig.cmake
[3.769s] -- Installing: /home/logan/worm-picker/install/worm_picker_custom_msgs/share/worm_picker_custom_msgs/cmake/worm_picker_custom_msgs__rosidl_typesupport_cExport.cmake
[3.769s] -- Installing: /home/logan/worm-picker/install/worm_picker_custom_msgs/share/worm_picker_custom_msgs/cmake/worm_picker_custom_msgs__rosidl_typesupport_cExport-noconfig.cmake
[3.769s] -- Installing: /home/logan/worm-picker/install/worm_picker_custom_msgs/share/worm_picker_custom_msgs/cmake/worm_picker_custom_msgs__rosidl_typesupport_introspection_cppExport.cmake
[3.769s] -- Installing: /home/logan/worm-picker/install/worm_picker_custom_msgs/share/worm_picker_custom_msgs/cmake/worm_picker_custom_msgs__rosidl_typesupport_introspection_cppExport-noconfig.cmake
[3.769s] -- Installing: /home/logan/worm-picker/install/worm_picker_custom_msgs/share/worm_picker_custom_msgs/cmake/worm_picker_custom_msgs__rosidl_typesupport_cppExport.cmake
[3.769s] -- Installing: /home/logan/worm-picker/install/worm_picker_custom_msgs/share/worm_picker_custom_msgs/cmake/worm_picker_custom_msgs__rosidl_typesupport_cppExport-noconfig.cmake
[3.769s] -- Installing: /home/logan/worm-picker/install/worm_picker_custom_msgs/share/worm_picker_custom_msgs/cmake/export_worm_picker_custom_msgs__rosidl_generator_pyExport.cmake
[3.769s] -- Installing: /home/logan/worm-picker/install/worm_picker_custom_msgs/share/worm_picker_custom_msgs/cmake/export_worm_picker_custom_msgs__rosidl_generator_pyExport-noconfig.cmake
[3.769s] -- Installing: /home/logan/worm-picker/install/worm_picker_custom_msgs/share/worm_picker_custom_msgs/cmake/ament_cmake_export_dependencies-extras.cmake
[3.769s] -- Installing: /home/logan/worm-picker/install/worm_picker_custom_msgs/share/worm_picker_custom_msgs/cmake/rosidl_cmake-extras.cmake
[3.769s] -- Installing: /home/logan/worm-picker/install/worm_picker_custom_msgs/share/worm_picker_custom_msgs/cmake/ament_cmake_export_include_directories-extras.cmake
[3.769s] -- Installing: /home/logan/worm-picker/install/worm_picker_custom_msgs/share/worm_picker_custom_msgs/cmake/ament_cmake_export_libraries-extras.cmake
[3.770s] -- Installing: /home/logan/worm-picker/install/worm_picker_custom_msgs/share/worm_picker_custom_msgs/cmake/ament_cmake_export_targets-extras.cmake
[3.770s] -- Installing: /home/logan/worm-picker/install/worm_picker_custom_msgs/share/worm_picker_custom_msgs/cmake/rosidl_cmake_export_typesupport_targets-extras.cmake
[3.770s] -- Installing: /home/logan/worm-picker/install/worm_picker_custom_msgs/share/worm_picker_custom_msgs/cmake/rosidl_cmake_export_typesupport_libraries-extras.cmake
[3.770s] -- Installing: /home/logan/worm-picker/install/worm_picker_custom_msgs/share/worm_picker_custom_msgs/cmake/worm_picker_custom_msgsConfig.cmake
[3.770s] -- Installing: /home/logan/worm-picker/install/worm_picker_custom_msgs/share/worm_picker_custom_msgs/cmake/worm_picker_custom_msgsConfig-version.cmake
[3.770s] -- Installing: /home/logan/worm-picker/install/worm_picker_custom_msgs/share/worm_picker_custom_msgs/package.xml
[3.772s] Invoked command in '/home/logan/worm-picker/build/worm_picker_custom_msgs' returned '0': CMAKE_PREFIX_PATH=${CMAKE_PREFIX_PATH}:/home/logan/ws_moveit2/install/generate_parameter_module_example:/home/logan/ws_moveit2/install/moveit_configs_utils:/home/logan/ws_moveit2/install/generate_parameter_library_py:/opt/ros/humble /usr/bin/cmake --install /home/logan/worm-picker/build/worm_picker_custom_msgs
