[0.014s] Invoking command in '/home/logan/worm-picker/build/industrial_msgs': CMAKE_PREFIX_PATH=${CMAKE_PREFIX_PATH}:/home/logan/ws_moveit2/install/generate_parameter_module_example:/home/logan/ws_moveit2/install/moveit_configs_utils:/home/logan/ws_moveit2/install/generate_parameter_library_py:/opt/ros/humble /usr/bin/cmake /home/logan/worm-picker/src/dependencies/industrial_core_ros2_msgs_only/industrial_msgs -DCMAKE_INSTALL_PREFIX=/home/logan/worm-picker/install/industrial_msgs
[0.056s] -- The C compiler identification is GNU 11.4.0
[0.095s] -- The CXX compiler identification is GNU 11.4.0
[0.101s] -- Detecting C compiler ABI info
[0.159s] -- Detecting C compiler ABI info - done
[0.163s] -- Check for working C compiler: /usr/bin/cc - skipped
[0.163s] -- Detecting C compile features
[0.164s] -- Detecting C compile features - done
[0.165s] -- Detecting CXX compiler ABI info
[0.228s] -- Detecting CXX compiler ABI info - done
[0.232s] -- Check for working CXX compiler: /usr/bin/c++ - skipped
[0.232s] -- Detecting CXX compile features
[0.233s] -- Detecting CXX compile features - done
[0.238s] -- Found ament_cmake: 1.3.10 (/opt/ros/humble/share/ament_cmake/cmake)
[0.352s] -- Found Python3: /usr/bin/python3 (found version "3.10.12") found components: Interpreter 
[0.462s] -- Found rosidl_default_generators: 1.2.0 (/opt/ros/humble/share/rosidl_default_generators/cmake)
[0.473s] -- Using all available rosidl_typesupport_c: rosidl_typesupport_fastrtps_c;rosidl_typesupport_introspection_c
[0.486s] -- Found rosidl_adapter: 3.1.5 (/opt/ros/humble/share/rosidl_adapter/cmake)
[0.542s] -- Using all available rosidl_typesupport_cpp: rosidl_typesupport_fastrtps_cpp;rosidl_typesupport_introspection_cpp
[0.585s] -- Found std_msgs: 4.2.4 (/opt/ros/humble/share/std_msgs/cmake)
[0.819s] -- Found ament_cmake_cppcheck: 0.12.11 (/opt/ros/humble/share/ament_cmake_cppcheck/cmake)
[0.824s] -- Found ament_cmake_cpplint: 0.12.11 (/opt/ros/humble/share/ament_cmake_cpplint/cmake)
[0.830s] -- Found ament_cmake_uncrustify: 0.12.11 (/opt/ros/humble/share/ament_cmake_uncrustify/cmake)
[0.835s] -- Found ament_cmake_ros: 0.10.0 (/opt/ros/humble/share/ament_cmake_ros/cmake)
[1.012s] -- Using all available rosidl_typesupport_c: rosidl_typesupport_fastrtps_c;rosidl_typesupport_introspection_c
[1.215s] -- Using all available rosidl_typesupport_cpp: rosidl_typesupport_fastrtps_cpp;rosidl_typesupport_introspection_cpp
[1.234s] -- Found PythonInterp: /usr/bin/python3 (found suitable version "3.10.12", minimum required is "3.6") 
[1.237s] -- Found python_cmake_module: 0.10.0 (/opt/ros/humble/share/python_cmake_module/cmake)
[1.258s] -- Found PythonLibs: /usr/lib/x86_64-linux-gnu/libpython3.10.so (found suitable version "3.10.12", minimum required is "3.5") 
[1.258s] -- Using PYTHON_EXECUTABLE: /usr/bin/python3
[1.258s] -- Using PYTHON_INCLUDE_DIRS: /usr/include/python3.10
[1.258s] -- Using PYTHON_LIBRARIES: /usr/lib/x86_64-linux-gnu/libpython3.10.so
[1.274s] -- Found PythonExtra: .so  
[1.339s] -- Found ament_cmake_flake8: 0.12.11 (/opt/ros/humble/share/ament_cmake_flake8/cmake)
[1.344s] -- Found ament_cmake_pep257: 0.12.11 (/opt/ros/humble/share/ament_cmake_pep257/cmake)
[1.349s] -- Found ament_lint_auto: 0.12.11 (/opt/ros/humble/share/ament_lint_auto/cmake)
[1.371s] -- Added test 'copyright' to check source files copyright and LICENSE
[1.372s] -- Added test 'lint_cmake' to check CMake code style
[1.373s] -- Added test 'xmllint' to check XML markup files
[1.376s] -- Configuring done
[1.403s] -- Generating done
[1.404s] -- Build files have been written to: /home/logan/worm-picker/build/industrial_msgs
[1.413s] Invoked command in '/home/logan/worm-picker/build/industrial_msgs' returned '0': CMAKE_PREFIX_PATH=${CMAKE_PREFIX_PATH}:/home/logan/ws_moveit2/install/generate_parameter_module_example:/home/logan/ws_moveit2/install/moveit_configs_utils:/home/logan/ws_moveit2/install/generate_parameter_library_py:/opt/ros/humble /usr/bin/cmake /home/logan/worm-picker/src/dependencies/industrial_core_ros2_msgs_only/industrial_msgs -DCMAKE_INSTALL_PREFIX=/home/logan/worm-picker/install/industrial_msgs
[1.414s] Invoking command in '/home/logan/worm-picker/build/industrial_msgs': CMAKE_PREFIX_PATH=${CMAKE_PREFIX_PATH}:/home/logan/ws_moveit2/install/generate_parameter_module_example:/home/logan/ws_moveit2/install/moveit_configs_utils:/home/logan/ws_moveit2/install/generate_parameter_library_py:/opt/ros/humble /usr/bin/cmake --build /home/logan/worm-picker/build/industrial_msgs -- -j16 -l16
[1.458s] [  1%] [34m[1mGenerating C code for ROS interfaces[0m
[1.469s] [  2%] [34m[1mGenerating C++ code for ROS interfaces[0m
[1.477s] [  2%] Built target ament_cmake_python_copy_industrial_msgs
[1.706s] running egg_info
[1.706s] creating industrial_msgs.egg-info
[1.706s] writing industrial_msgs.egg-info/PKG-INFO
[1.707s] writing dependency_links to industrial_msgs.egg-info/dependency_links.txt
[1.707s] writing top-level names to industrial_msgs.egg-info/top_level.txt
[1.707s] writing manifest file 'industrial_msgs.egg-info/SOURCES.txt'
[1.709s] reading manifest file 'industrial_msgs.egg-info/SOURCES.txt'
[1.710s] writing manifest file 'industrial_msgs.egg-info/SOURCES.txt'
[1.738s] [  2%] Built target ament_cmake_python_build_industrial_msgs_egg
[2.159s] [  8%] [32mBuilding C object CMakeFiles/industrial_msgs__rosidl_generator_c.dir/rosidl_generator_c/industrial_msgs/msg/detail/tri_state__functions.c.o[0m
[2.159s] [  8%] [32mBuilding C object CMakeFiles/industrial_msgs__rosidl_generator_c.dir/rosidl_generator_c/industrial_msgs/msg/detail/robot_mode__functions.c.o[0m
[2.159s] [  8%] [32mBuilding C object CMakeFiles/industrial_msgs__rosidl_generator_c.dir/rosidl_generator_c/industrial_msgs/msg/detail/robot_status__functions.c.o[0m
[2.159s] [  8%] [32mBuilding C object CMakeFiles/industrial_msgs__rosidl_generator_c.dir/rosidl_generator_c/industrial_msgs/msg/detail/device_info__functions.c.o[0m
[2.162s] [  9%] [32mBuilding C object CMakeFiles/industrial_msgs__rosidl_generator_c.dir/rosidl_generator_c/industrial_msgs/msg/detail/debug_level__functions.c.o[0m
[2.162s] [ 11%] [32mBuilding C object CMakeFiles/industrial_msgs__rosidl_generator_c.dir/rosidl_generator_c/industrial_msgs/msg/detail/service_return_code__functions.c.o[0m
[2.223s] [ 12%] [32m[1mLinking C shared library libindustrial_msgs__rosidl_generator_c.so[0m
[2.228s] [ 12%] Built target industrial_msgs__cpp
[2.240s] [ 14%] [34m[1mGenerating C++ type support for eProsima Fast-RTPS[0m
[2.241s] [ 15%] [34m[1mGenerating C++ introspection for ROS interfaces[0m
[2.246s] [ 16%] [34m[1mGenerating C++ type support dispatch for ROS interfaces[0m
[2.264s] [ 16%] Built target industrial_msgs__rosidl_generator_c
[2.277s] [ 18%] [34m[1mGenerating C type support dispatch for ROS interfaces[0m
[2.282s] [ 19%] [34m[1mGenerating C type support for eProsima Fast-RTPS[0m
[2.282s] [ 21%] [34m[1mGenerating C introspection for ROS interfaces[0m
[2.797s] [ 22%] [32mBuilding CXX object CMakeFiles/industrial_msgs__rosidl_typesupport_introspection_cpp.dir/rosidl_typesupport_introspection_cpp/industrial_msgs/msg/detail/service_return_code__type_support.cpp.o[0m
[2.797s] [ 25%] [32mBuilding CXX object CMakeFiles/industrial_msgs__rosidl_typesupport_introspection_cpp.dir/rosidl_typesupport_introspection_cpp/industrial_msgs/msg/detail/debug_level__type_support.cpp.o[0m
[2.797s] [ 25%] [32mBuilding CXX object CMakeFiles/industrial_msgs__rosidl_typesupport_introspection_cpp.dir/rosidl_typesupport_introspection_cpp/industrial_msgs/msg/detail/robot_status__type_support.cpp.o[0m
[2.798s] [ 26%] [32mBuilding CXX object CMakeFiles/industrial_msgs__rosidl_typesupport_introspection_cpp.dir/rosidl_typesupport_introspection_cpp/industrial_msgs/msg/detail/device_info__type_support.cpp.o[0m
[2.798s] [ 28%] [32mBuilding CXX object CMakeFiles/industrial_msgs__rosidl_typesupport_introspection_cpp.dir/rosidl_typesupport_introspection_cpp/industrial_msgs/msg/detail/robot_mode__type_support.cpp.o[0m
[2.802s] [ 29%] [32mBuilding CXX object CMakeFiles/industrial_msgs__rosidl_typesupport_introspection_cpp.dir/rosidl_typesupport_introspection_cpp/industrial_msgs/msg/detail/tri_state__type_support.cpp.o[0m
[2.821s] [ 32%] [32mBuilding CXX object CMakeFiles/industrial_msgs__rosidl_typesupport_c.dir/rosidl_typesupport_c/industrial_msgs/msg/debug_level__type_support.cpp.o[0m
[2.821s] [ 32%] [32mBuilding CXX object CMakeFiles/industrial_msgs__rosidl_typesupport_c.dir/rosidl_typesupport_c/industrial_msgs/msg/device_info__type_support.cpp.o[0m
[2.822s] [ 33%] [32mBuilding CXX object CMakeFiles/industrial_msgs__rosidl_typesupport_c.dir/rosidl_typesupport_c/industrial_msgs/msg/robot_mode__type_support.cpp.o[0m
[2.825s] [ 35%] [32mBuilding CXX object CMakeFiles/industrial_msgs__rosidl_typesupport_c.dir/rosidl_typesupport_c/industrial_msgs/msg/robot_status__type_support.cpp.o[0m
[2.832s] [ 36%] [32mBuilding CXX object CMakeFiles/industrial_msgs__rosidl_typesupport_fastrtps_cpp.dir/rosidl_typesupport_fastrtps_cpp/industrial_msgs/msg/detail/dds_fastrtps/device_info__type_support.cpp.o[0m
[2.832s] [ 38%] [32mBuilding CXX object CMakeFiles/industrial_msgs__rosidl_typesupport_fastrtps_cpp.dir/rosidl_typesupport_fastrtps_cpp/industrial_msgs/msg/detail/dds_fastrtps/robot_mode__type_support.cpp.o[0m
[2.836s] [ 39%] [32mBuilding CXX object CMakeFiles/industrial_msgs__rosidl_typesupport_fastrtps_cpp.dir/rosidl_typesupport_fastrtps_cpp/industrial_msgs/msg/detail/dds_fastrtps/debug_level__type_support.cpp.o[0m
[2.887s] [ 40%] [32mBuilding CXX object CMakeFiles/industrial_msgs__rosidl_typesupport_c.dir/rosidl_typesupport_c/industrial_msgs/msg/service_return_code__type_support.cpp.o[0m
[2.903s] [ 42%] [32mBuilding CXX object CMakeFiles/industrial_msgs__rosidl_typesupport_c.dir/rosidl_typesupport_c/industrial_msgs/msg/tri_state__type_support.cpp.o[0m
[2.910s] [ 43%] [32mBuilding CXX object CMakeFiles/industrial_msgs__rosidl_typesupport_fastrtps_cpp.dir/rosidl_typesupport_fastrtps_cpp/industrial_msgs/msg/detail/dds_fastrtps/robot_status__type_support.cpp.o[0m
[2.920s] [ 45%] [32mBuilding CXX object CMakeFiles/industrial_msgs__rosidl_typesupport_fastrtps_cpp.dir/rosidl_typesupport_fastrtps_cpp/industrial_msgs/msg/detail/dds_fastrtps/service_return_code__type_support.cpp.o[0m
[2.977s] [ 46%] [32mBuilding CXX object CMakeFiles/industrial_msgs__rosidl_typesupport_fastrtps_cpp.dir/rosidl_typesupport_fastrtps_cpp/industrial_msgs/msg/detail/dds_fastrtps/tri_state__type_support.cpp.o[0m
[3.008s] [ 47%] [32m[1mLinking CXX shared library libindustrial_msgs__rosidl_typesupport_c.so[0m
[3.152s] [ 47%] Built target industrial_msgs__rosidl_typesupport_c
[3.263s] [ 49%] [32mBuilding CXX object CMakeFiles/industrial_msgs__rosidl_typesupport_cpp.dir/rosidl_typesupport_cpp/industrial_msgs/msg/debug_level__type_support.cpp.o[0m
[3.264s] [ 50%] [32mBuilding CXX object CMakeFiles/industrial_msgs__rosidl_typesupport_cpp.dir/rosidl_typesupport_cpp/industrial_msgs/msg/device_info__type_support.cpp.o[0m
[3.268s] [ 52%] [32mBuilding CXX object CMakeFiles/industrial_msgs__rosidl_typesupport_fastrtps_c.dir/rosidl_typesupport_fastrtps_c/industrial_msgs/msg/detail/debug_level__type_support_c.cpp.o[0m
[3.268s] [ 53%] [32mBuilding CXX object CMakeFiles/industrial_msgs__rosidl_typesupport_cpp.dir/rosidl_typesupport_cpp/industrial_msgs/msg/robot_mode__type_support.cpp.o[0m
[3.283s] [ 54%] [32mBuilding CXX object CMakeFiles/industrial_msgs__rosidl_typesupport_cpp.dir/rosidl_typesupport_cpp/industrial_msgs/msg/robot_status__type_support.cpp.o[0m
[3.299s] [ 56%] [32mBuilding CXX object CMakeFiles/industrial_msgs__rosidl_typesupport_fastrtps_c.dir/rosidl_typesupport_fastrtps_c/industrial_msgs/msg/detail/device_info__type_support_c.cpp.o[0m
[3.318s] [ 57%] [32mBuilding CXX object CMakeFiles/industrial_msgs__rosidl_typesupport_fastrtps_c.dir/rosidl_typesupport_fastrtps_c/industrial_msgs/msg/detail/robot_mode__type_support_c.cpp.o[0m
[3.387s] [ 59%] [32m[1mLinking CXX shared library libindustrial_msgs__rosidl_typesupport_introspection_cpp.so[0m
[3.393s] [ 60%] [32mBuilding CXX object CMakeFiles/industrial_msgs__rosidl_typesupport_cpp.dir/rosidl_typesupport_cpp/industrial_msgs/msg/service_return_code__type_support.cpp.o[0m
[3.400s] [ 61%] [32mBuilding CXX object CMakeFiles/industrial_msgs__rosidl_typesupport_fastrtps_c.dir/rosidl_typesupport_fastrtps_c/industrial_msgs/msg/detail/robot_status__type_support_c.cpp.o[0m
[3.463s] [ 63%] [32mBuilding CXX object CMakeFiles/industrial_msgs__rosidl_typesupport_fastrtps_c.dir/rosidl_typesupport_fastrtps_c/industrial_msgs/msg/detail/service_return_code__type_support_c.cpp.o[0m
[3.472s] [ 64%] [32mBuilding CXX object CMakeFiles/industrial_msgs__rosidl_typesupport_fastrtps_c.dir/rosidl_typesupport_fastrtps_c/industrial_msgs/msg/detail/tri_state__type_support_c.cpp.o[0m
[3.479s] [ 66%] [32mBuilding CXX object CMakeFiles/industrial_msgs__rosidl_typesupport_cpp.dir/rosidl_typesupport_cpp/industrial_msgs/msg/tri_state__type_support.cpp.o[0m
[3.555s] [ 66%] Built target industrial_msgs__rosidl_typesupport_introspection_cpp
[3.582s] [ 67%] [32mBuilding C object CMakeFiles/industrial_msgs__rosidl_typesupport_introspection_c.dir/rosidl_typesupport_introspection_c/industrial_msgs/msg/detail/debug_level__type_support.c.o[0m
[3.598s] [ 69%] [32mBuilding C object CMakeFiles/industrial_msgs__rosidl_typesupport_introspection_c.dir/rosidl_typesupport_introspection_c/industrial_msgs/msg/detail/device_info__type_support.c.o[0m
[3.608s] [ 70%] [32mBuilding C object CMakeFiles/industrial_msgs__rosidl_typesupport_introspection_c.dir/rosidl_typesupport_introspection_c/industrial_msgs/msg/detail/robot_mode__type_support.c.o[0m
[3.627s] [ 71%] [32m[1mLinking CXX shared library libindustrial_msgs__rosidl_typesupport_fastrtps_cpp.so[0m
[3.648s] [ 73%] [32mBuilding C object CMakeFiles/industrial_msgs__rosidl_typesupport_introspection_c.dir/rosidl_typesupport_introspection_c/industrial_msgs/msg/detail/service_return_code__type_support.c.o[0m
[3.648s] [ 74%] [32mBuilding C object CMakeFiles/industrial_msgs__rosidl_typesupport_introspection_c.dir/rosidl_typesupport_introspection_c/industrial_msgs/msg/detail/robot_status__type_support.c.o[0m
[3.650s] [ 76%] [32mBuilding C object CMakeFiles/industrial_msgs__rosidl_typesupport_introspection_c.dir/rosidl_typesupport_introspection_c/industrial_msgs/msg/detail/tri_state__type_support.c.o[0m
[3.706s] [ 77%] [32m[1mLinking C shared library libindustrial_msgs__rosidl_typesupport_introspection_c.so[0m
[3.734s] [ 77%] Built target industrial_msgs__rosidl_typesupport_fastrtps_cpp
[3.743s] [ 77%] Built target industrial_msgs__rosidl_typesupport_introspection_c
[3.834s] [ 78%] [32m[1mLinking CXX shared library libindustrial_msgs__rosidl_typesupport_cpp.so[0m
[3.839s] [ 80%] [32m[1mLinking CXX shared library libindustrial_msgs__rosidl_typesupport_fastrtps_c.so[0m
[3.872s] [ 80%] Built target industrial_msgs__rosidl_typesupport_cpp
[3.898s] [ 80%] Built target industrial_msgs__rosidl_typesupport_fastrtps_c
[3.919s] [ 80%] Built target industrial_msgs
[3.943s] [ 81%] [34m[1mGenerating Python code for ROS interfaces[0m
[5.002s] [ 81%] Built target industrial_msgs__py
[5.026s] [ 83%] [32mBuilding C object CMakeFiles/industrial_msgs__rosidl_generator_py.dir/rosidl_generator_py/industrial_msgs/msg/_debug_level_s.c.o[0m
[5.028s] [ 84%] [32mBuilding C object CMakeFiles/industrial_msgs__rosidl_generator_py.dir/rosidl_generator_py/industrial_msgs/msg/_robot_mode_s.c.o[0m
[5.029s] [ 85%] [32mBuilding C object CMakeFiles/industrial_msgs__rosidl_generator_py.dir/rosidl_generator_py/industrial_msgs/msg/_device_info_s.c.o[0m
[5.029s] [ 87%] [32mBuilding C object CMakeFiles/industrial_msgs__rosidl_generator_py.dir/rosidl_generator_py/industrial_msgs/msg/_robot_status_s.c.o[0m
[5.030s] [ 88%] [32mBuilding C object CMakeFiles/industrial_msgs__rosidl_generator_py.dir/rosidl_generator_py/industrial_msgs/msg/_service_return_code_s.c.o[0m
[5.030s] [ 90%] [32mBuilding C object CMakeFiles/industrial_msgs__rosidl_generator_py.dir/rosidl_generator_py/industrial_msgs/msg/_tri_state_s.c.o[0m
[5.155s] [ 91%] [32m[1mLinking C shared library rosidl_generator_py/industrial_msgs/libindustrial_msgs__rosidl_generator_py.so[0m
[5.198s] [ 91%] Built target industrial_msgs__rosidl_generator_py
[5.220s] [ 92%] [32mBuilding C object CMakeFiles/industrial_msgs__rosidl_typesupport_introspection_c__pyext.dir/rosidl_generator_py/industrial_msgs/_industrial_msgs_s.ep.rosidl_typesupport_introspection_c.c.o[0m
[5.221s] [ 94%] [32mBuilding C object CMakeFiles/industrial_msgs__rosidl_typesupport_c__pyext.dir/rosidl_generator_py/industrial_msgs/_industrial_msgs_s.ep.rosidl_typesupport_c.c.o[0m
[5.230s] [ 95%] [32mBuilding C object CMakeFiles/industrial_msgs__rosidl_typesupport_fastrtps_c__pyext.dir/rosidl_generator_py/industrial_msgs/_industrial_msgs_s.ep.rosidl_typesupport_fastrtps_c.c.o[0m
[5.308s] [ 97%] [32m[1mLinking C shared library rosidl_generator_py/industrial_msgs/industrial_msgs_s__rosidl_typesupport_c.cpython-310-x86_64-linux-gnu.so[0m
[5.316s] [ 98%] [32m[1mLinking C shared library rosidl_generator_py/industrial_msgs/industrial_msgs_s__rosidl_typesupport_fastrtps_c.cpython-310-x86_64-linux-gnu.so[0m
[5.345s] [ 98%] Built target industrial_msgs__rosidl_typesupport_c__pyext
[5.354s] [ 98%] Built target industrial_msgs__rosidl_typesupport_fastrtps_c__pyext
[5.362s] [100%] [32m[1mLinking C shared library rosidl_generator_py/industrial_msgs/industrial_msgs_s__rosidl_typesupport_introspection_c.cpython-310-x86_64-linux-gnu.so[0m
[5.397s] [100%] Built target industrial_msgs__rosidl_typesupport_introspection_c__pyext
[5.408s] Invoked command in '/home/logan/worm-picker/build/industrial_msgs' returned '0': CMAKE_PREFIX_PATH=${CMAKE_PREFIX_PATH}:/home/logan/ws_moveit2/install/generate_parameter_module_example:/home/logan/ws_moveit2/install/moveit_configs_utils:/home/logan/ws_moveit2/install/generate_parameter_library_py:/opt/ros/humble /usr/bin/cmake --build /home/logan/worm-picker/build/industrial_msgs -- -j16 -l16
[5.679s] Invoking command in '/home/logan/worm-picker/build/industrial_msgs': CMAKE_PREFIX_PATH=${CMAKE_PREFIX_PATH}:/home/logan/ws_moveit2/install/generate_parameter_module_example:/home/logan/ws_moveit2/install/moveit_configs_utils:/home/logan/ws_moveit2/install/generate_parameter_library_py:/opt/ros/humble /usr/bin/cmake --install /home/logan/worm-picker/build/industrial_msgs
[5.688s] -- Install configuration: ""
[5.688s] -- Installing: /home/logan/worm-picker/install/industrial_msgs/share/ament_index/resource_index/rosidl_interfaces/industrial_msgs
[5.688s] -- Installing: /home/logan/worm-picker/install/industrial_msgs/include/industrial_msgs/industrial_msgs
[5.688s] -- Installing: /home/logan/worm-picker/install/industrial_msgs/include/industrial_msgs/industrial_msgs/msg
[5.688s] -- Installing: /home/logan/worm-picker/install/industrial_msgs/include/industrial_msgs/industrial_msgs/msg/rosidl_generator_c__visibility_control.h
[5.688s] -- Installing: /home/logan/worm-picker/install/industrial_msgs/include/industrial_msgs/industrial_msgs/msg/robot_status.h
[5.688s] -- Installing: /home/logan/worm-picker/install/industrial_msgs/include/industrial_msgs/industrial_msgs/msg/tri_state.h
[5.688s] -- Installing: /home/logan/worm-picker/install/industrial_msgs/include/industrial_msgs/industrial_msgs/msg/device_info.h
[5.688s] -- Installing: /home/logan/worm-picker/install/industrial_msgs/include/industrial_msgs/industrial_msgs/msg/debug_level.h
[5.689s] -- Installing: /home/logan/worm-picker/install/industrial_msgs/include/industrial_msgs/industrial_msgs/msg/robot_mode.h
[5.689s] -- Installing: /home/logan/worm-picker/install/industrial_msgs/include/industrial_msgs/industrial_msgs/msg/service_return_code.h
[5.689s] -- Installing: /home/logan/worm-picker/install/industrial_msgs/include/industrial_msgs/industrial_msgs/msg/detail
[5.689s] -- Installing: /home/logan/worm-picker/install/industrial_msgs/include/industrial_msgs/industrial_msgs/msg/detail/robot_mode__struct.h
[5.689s] -- Installing: /home/logan/worm-picker/install/industrial_msgs/include/industrial_msgs/industrial_msgs/msg/detail/device_info__struct.h
[5.689s] -- Installing: /home/logan/worm-picker/install/industrial_msgs/include/industrial_msgs/industrial_msgs/msg/detail/service_return_code__type_support.h
[5.689s] -- Installing: /home/logan/worm-picker/install/industrial_msgs/include/industrial_msgs/industrial_msgs/msg/detail/device_info__functions.c
[5.689s] -- Installing: /home/logan/worm-picker/install/industrial_msgs/include/industrial_msgs/industrial_msgs/msg/detail/device_info__functions.h
[5.689s] -- Installing: /home/logan/worm-picker/install/industrial_msgs/include/industrial_msgs/industrial_msgs/msg/detail/tri_state__functions.h
[5.689s] -- Installing: /home/logan/worm-picker/install/industrial_msgs/include/industrial_msgs/industrial_msgs/msg/detail/tri_state__functions.c
[5.689s] -- Installing: /home/logan/worm-picker/install/industrial_msgs/include/industrial_msgs/industrial_msgs/msg/detail/robot_status__struct.h
[5.689s] -- Installing: /home/logan/worm-picker/install/industrial_msgs/include/industrial_msgs/industrial_msgs/msg/detail/robot_mode__functions.h
[5.690s] -- Installing: /home/logan/worm-picker/install/industrial_msgs/include/industrial_msgs/industrial_msgs/msg/detail/debug_level__functions.c
[5.690s] -- Installing: /home/logan/worm-picker/install/industrial_msgs/include/industrial_msgs/industrial_msgs/msg/detail/tri_state__struct.h
[5.690s] -- Installing: /home/logan/worm-picker/install/industrial_msgs/include/industrial_msgs/industrial_msgs/msg/detail/service_return_code__functions.c
[5.690s] -- Installing: /home/logan/worm-picker/install/industrial_msgs/include/industrial_msgs/industrial_msgs/msg/detail/robot_status__type_support.h
[5.690s] -- Installing: /home/logan/worm-picker/install/industrial_msgs/include/industrial_msgs/industrial_msgs/msg/detail/service_return_code__functions.h
[5.690s] -- Installing: /home/logan/worm-picker/install/industrial_msgs/include/industrial_msgs/industrial_msgs/msg/detail/device_info__type_support.h
[5.690s] -- Installing: /home/logan/worm-picker/install/industrial_msgs/include/industrial_msgs/industrial_msgs/msg/detail/service_return_code__struct.h
[5.690s] -- Installing: /home/logan/worm-picker/install/industrial_msgs/include/industrial_msgs/industrial_msgs/msg/detail/debug_level__struct.h
[5.690s] -- Installing: /home/logan/worm-picker/install/industrial_msgs/include/industrial_msgs/industrial_msgs/msg/detail/robot_mode__functions.c
[5.690s] -- Installing: /home/logan/worm-picker/install/industrial_msgs/include/industrial_msgs/industrial_msgs/msg/detail/robot_mode__type_support.h
[5.690s] -- Installing: /home/logan/worm-picker/install/industrial_msgs/include/industrial_msgs/industrial_msgs/msg/detail/debug_level__type_support.h
[5.690s] -- Installing: /home/logan/worm-picker/install/industrial_msgs/include/industrial_msgs/industrial_msgs/msg/detail/robot_status__functions.c
[5.691s] -- Installing: /home/logan/worm-picker/install/industrial_msgs/include/industrial_msgs/industrial_msgs/msg/detail/debug_level__functions.h
[5.691s] -- Installing: /home/logan/worm-picker/install/industrial_msgs/include/industrial_msgs/industrial_msgs/msg/detail/robot_status__functions.h
[5.691s] -- Installing: /home/logan/worm-picker/install/industrial_msgs/include/industrial_msgs/industrial_msgs/msg/detail/tri_state__type_support.h
[5.691s] -- Installing: /home/logan/worm-picker/install/industrial_msgs/share/industrial_msgs/environment/library_path.sh
[5.691s] -- Installing: /home/logan/worm-picker/install/industrial_msgs/share/industrial_msgs/environment/library_path.dsv
[5.691s] -- Installing: /home/logan/worm-picker/install/industrial_msgs/lib/libindustrial_msgs__rosidl_generator_c.so
[5.691s] -- Set runtime path of "/home/logan/worm-picker/install/industrial_msgs/lib/libindustrial_msgs__rosidl_generator_c.so" to ""
[5.691s] -- Up-to-date: /home/logan/worm-picker/install/industrial_msgs/include/industrial_msgs/industrial_msgs
[5.691s] -- Up-to-date: /home/logan/worm-picker/install/industrial_msgs/include/industrial_msgs/industrial_msgs/msg
[5.691s] -- Installing: /home/logan/worm-picker/install/industrial_msgs/include/industrial_msgs/industrial_msgs/msg/rosidl_typesupport_fastrtps_c__visibility_control.h
[5.691s] -- Up-to-date: /home/logan/worm-picker/install/industrial_msgs/include/industrial_msgs/industrial_msgs/msg/detail
[5.691s] -- Installing: /home/logan/worm-picker/install/industrial_msgs/include/industrial_msgs/industrial_msgs/msg/detail/debug_level__rosidl_typesupport_fastrtps_c.h
[5.691s] -- Installing: /home/logan/worm-picker/install/industrial_msgs/include/industrial_msgs/industrial_msgs/msg/detail/robot_mode__rosidl_typesupport_fastrtps_c.h
[5.692s] -- Installing: /home/logan/worm-picker/install/industrial_msgs/include/industrial_msgs/industrial_msgs/msg/detail/robot_status__rosidl_typesupport_fastrtps_c.h
[5.692s] -- Installing: /home/logan/worm-picker/install/industrial_msgs/include/industrial_msgs/industrial_msgs/msg/detail/device_info__rosidl_typesupport_fastrtps_c.h
[5.692s] -- Installing: /home/logan/worm-picker/install/industrial_msgs/include/industrial_msgs/industrial_msgs/msg/detail/tri_state__rosidl_typesupport_fastrtps_c.h
[5.692s] -- Installing: /home/logan/worm-picker/install/industrial_msgs/include/industrial_msgs/industrial_msgs/msg/detail/service_return_code__rosidl_typesupport_fastrtps_c.h
[5.692s] -- Installing: /home/logan/worm-picker/install/industrial_msgs/lib/libindustrial_msgs__rosidl_typesupport_fastrtps_c.so
[5.692s] -- Set runtime path of "/home/logan/worm-picker/install/industrial_msgs/lib/libindustrial_msgs__rosidl_typesupport_fastrtps_c.so" to ""
[5.692s] -- Up-to-date: /home/logan/worm-picker/install/industrial_msgs/include/industrial_msgs/industrial_msgs
[5.692s] -- Up-to-date: /home/logan/worm-picker/install/industrial_msgs/include/industrial_msgs/industrial_msgs/msg
[5.692s] -- Installing: /home/logan/worm-picker/install/industrial_msgs/include/industrial_msgs/industrial_msgs/msg/rosidl_typesupport_introspection_c__visibility_control.h
[5.692s] -- Up-to-date: /home/logan/worm-picker/install/industrial_msgs/include/industrial_msgs/industrial_msgs/msg/detail
[5.692s] -- Installing: /home/logan/worm-picker/install/industrial_msgs/include/industrial_msgs/industrial_msgs/msg/detail/robot_status__type_support.c
[5.692s] -- Installing: /home/logan/worm-picker/install/industrial_msgs/include/industrial_msgs/industrial_msgs/msg/detail/robot_status__rosidl_typesupport_introspection_c.h
[5.692s] -- Installing: /home/logan/worm-picker/install/industrial_msgs/include/industrial_msgs/industrial_msgs/msg/detail/tri_state__rosidl_typesupport_introspection_c.h
[5.692s] -- Installing: /home/logan/worm-picker/install/industrial_msgs/include/industrial_msgs/industrial_msgs/msg/detail/tri_state__type_support.c
[5.693s] -- Installing: /home/logan/worm-picker/install/industrial_msgs/include/industrial_msgs/industrial_msgs/msg/detail/debug_level__type_support.c
[5.693s] -- Installing: /home/logan/worm-picker/install/industrial_msgs/include/industrial_msgs/industrial_msgs/msg/detail/debug_level__rosidl_typesupport_introspection_c.h
[5.693s] -- Installing: /home/logan/worm-picker/install/industrial_msgs/include/industrial_msgs/industrial_msgs/msg/detail/service_return_code__rosidl_typesupport_introspection_c.h
[5.693s] -- Installing: /home/logan/worm-picker/install/industrial_msgs/include/industrial_msgs/industrial_msgs/msg/detail/device_info__type_support.c
[5.693s] -- Installing: /home/logan/worm-picker/install/industrial_msgs/include/industrial_msgs/industrial_msgs/msg/detail/service_return_code__type_support.c
[5.693s] -- Installing: /home/logan/worm-picker/install/industrial_msgs/include/industrial_msgs/industrial_msgs/msg/detail/device_info__rosidl_typesupport_introspection_c.h
[5.693s] -- Installing: /home/logan/worm-picker/install/industrial_msgs/include/industrial_msgs/industrial_msgs/msg/detail/robot_mode__type_support.c
[5.693s] -- Installing: /home/logan/worm-picker/install/industrial_msgs/include/industrial_msgs/industrial_msgs/msg/detail/robot_mode__rosidl_typesupport_introspection_c.h
[5.693s] -- Installing: /home/logan/worm-picker/install/industrial_msgs/lib/libindustrial_msgs__rosidl_typesupport_introspection_c.so
[5.693s] -- Set runtime path of "/home/logan/worm-picker/install/industrial_msgs/lib/libindustrial_msgs__rosidl_typesupport_introspection_c.so" to ""
[5.693s] -- Installing: /home/logan/worm-picker/install/industrial_msgs/lib/libindustrial_msgs__rosidl_typesupport_c.so
[5.694s] -- Set runtime path of "/home/logan/worm-picker/install/industrial_msgs/lib/libindustrial_msgs__rosidl_typesupport_c.so" to ""
[5.694s] -- Up-to-date: /home/logan/worm-picker/install/industrial_msgs/include/industrial_msgs/industrial_msgs
[5.694s] -- Up-to-date: /home/logan/worm-picker/install/industrial_msgs/include/industrial_msgs/industrial_msgs/msg
[5.694s] -- Installing: /home/logan/worm-picker/install/industrial_msgs/include/industrial_msgs/industrial_msgs/msg/robot_status.hpp
[5.694s] -- Installing: /home/logan/worm-picker/install/industrial_msgs/include/industrial_msgs/industrial_msgs/msg/robot_mode.hpp
[5.694s] -- Installing: /home/logan/worm-picker/install/industrial_msgs/include/industrial_msgs/industrial_msgs/msg/debug_level.hpp
[5.694s] -- Installing: /home/logan/worm-picker/install/industrial_msgs/include/industrial_msgs/industrial_msgs/msg/service_return_code.hpp
[5.694s] -- Installing: /home/logan/worm-picker/install/industrial_msgs/include/industrial_msgs/industrial_msgs/msg/tri_state.hpp
[5.694s] -- Up-to-date: /home/logan/worm-picker/install/industrial_msgs/include/industrial_msgs/industrial_msgs/msg/detail
[5.694s] -- Installing: /home/logan/worm-picker/install/industrial_msgs/include/industrial_msgs/industrial_msgs/msg/detail/debug_level__builder.hpp
[5.694s] -- Installing: /home/logan/worm-picker/install/industrial_msgs/include/industrial_msgs/industrial_msgs/msg/detail/service_return_code__struct.hpp
[5.694s] -- Installing: /home/logan/worm-picker/install/industrial_msgs/include/industrial_msgs/industrial_msgs/msg/detail/tri_state__traits.hpp
[5.694s] -- Installing: /home/logan/worm-picker/install/industrial_msgs/include/industrial_msgs/industrial_msgs/msg/detail/device_info__builder.hpp
[5.695s] -- Installing: /home/logan/worm-picker/install/industrial_msgs/include/industrial_msgs/industrial_msgs/msg/detail/service_return_code__traits.hpp
[5.695s] -- Installing: /home/logan/worm-picker/install/industrial_msgs/include/industrial_msgs/industrial_msgs/msg/detail/robot_mode__traits.hpp
[5.695s] -- Installing: /home/logan/worm-picker/install/industrial_msgs/include/industrial_msgs/industrial_msgs/msg/detail/robot_status__struct.hpp
[5.695s] -- Installing: /home/logan/worm-picker/install/industrial_msgs/include/industrial_msgs/industrial_msgs/msg/detail/tri_state__builder.hpp
[5.695s] -- Installing: /home/logan/worm-picker/install/industrial_msgs/include/industrial_msgs/industrial_msgs/msg/detail/debug_level__traits.hpp
[5.695s] -- Installing: /home/logan/worm-picker/install/industrial_msgs/include/industrial_msgs/industrial_msgs/msg/detail/service_return_code__builder.hpp
[5.695s] -- Installing: /home/logan/worm-picker/install/industrial_msgs/include/industrial_msgs/industrial_msgs/msg/detail/tri_state__struct.hpp
[5.695s] -- Installing: /home/logan/worm-picker/install/industrial_msgs/include/industrial_msgs/industrial_msgs/msg/detail/robot_mode__builder.hpp
[5.695s] -- Installing: /home/logan/worm-picker/install/industrial_msgs/include/industrial_msgs/industrial_msgs/msg/detail/robot_mode__struct.hpp
[5.695s] -- Installing: /home/logan/worm-picker/install/industrial_msgs/include/industrial_msgs/industrial_msgs/msg/detail/device_info__struct.hpp
[5.695s] -- Installing: /home/logan/worm-picker/install/industrial_msgs/include/industrial_msgs/industrial_msgs/msg/detail/debug_level__struct.hpp
[5.695s] -- Installing: /home/logan/worm-picker/install/industrial_msgs/include/industrial_msgs/industrial_msgs/msg/detail/robot_status__traits.hpp
[5.695s] -- Installing: /home/logan/worm-picker/install/industrial_msgs/include/industrial_msgs/industrial_msgs/msg/detail/robot_status__builder.hpp
[5.696s] -- Installing: /home/logan/worm-picker/install/industrial_msgs/include/industrial_msgs/industrial_msgs/msg/detail/device_info__traits.hpp
[5.696s] -- Installing: /home/logan/worm-picker/install/industrial_msgs/include/industrial_msgs/industrial_msgs/msg/device_info.hpp
[5.696s] -- Up-to-date: /home/logan/worm-picker/install/industrial_msgs/include/industrial_msgs/industrial_msgs
[5.696s] -- Up-to-date: /home/logan/worm-picker/install/industrial_msgs/include/industrial_msgs/industrial_msgs/msg
[5.696s] -- Installing: /home/logan/worm-picker/install/industrial_msgs/include/industrial_msgs/industrial_msgs/msg/rosidl_typesupport_fastrtps_cpp__visibility_control.h
[5.696s] -- Up-to-date: /home/logan/worm-picker/install/industrial_msgs/include/industrial_msgs/industrial_msgs/msg/detail
[5.696s] -- Installing: /home/logan/worm-picker/install/industrial_msgs/include/industrial_msgs/industrial_msgs/msg/detail/dds_fastrtps
[5.696s] -- Installing: /home/logan/worm-picker/install/industrial_msgs/include/industrial_msgs/industrial_msgs/msg/detail/tri_state__rosidl_typesupport_fastrtps_cpp.hpp
[5.696s] -- Installing: /home/logan/worm-picker/install/industrial_msgs/include/industrial_msgs/industrial_msgs/msg/detail/robot_status__rosidl_typesupport_fastrtps_cpp.hpp
[5.696s] -- Installing: /home/logan/worm-picker/install/industrial_msgs/include/industrial_msgs/industrial_msgs/msg/detail/service_return_code__rosidl_typesupport_fastrtps_cpp.hpp
[5.696s] -- Installing: /home/logan/worm-picker/install/industrial_msgs/include/industrial_msgs/industrial_msgs/msg/detail/robot_mode__rosidl_typesupport_fastrtps_cpp.hpp
[5.696s] -- Installing: /home/logan/worm-picker/install/industrial_msgs/include/industrial_msgs/industrial_msgs/msg/detail/debug_level__rosidl_typesupport_fastrtps_cpp.hpp
[5.696s] -- Installing: /home/logan/worm-picker/install/industrial_msgs/include/industrial_msgs/industrial_msgs/msg/detail/device_info__rosidl_typesupport_fastrtps_cpp.hpp
[5.697s] -- Installing: /home/logan/worm-picker/install/industrial_msgs/lib/libindustrial_msgs__rosidl_typesupport_fastrtps_cpp.so
[5.697s] -- Set runtime path of "/home/logan/worm-picker/install/industrial_msgs/lib/libindustrial_msgs__rosidl_typesupport_fastrtps_cpp.so" to ""
[5.697s] -- Up-to-date: /home/logan/worm-picker/install/industrial_msgs/include/industrial_msgs/industrial_msgs
[5.697s] -- Up-to-date: /home/logan/worm-picker/install/industrial_msgs/include/industrial_msgs/industrial_msgs/msg
[5.697s] -- Up-to-date: /home/logan/worm-picker/install/industrial_msgs/include/industrial_msgs/industrial_msgs/msg/detail
[5.697s] -- Installing: /home/logan/worm-picker/install/industrial_msgs/include/industrial_msgs/industrial_msgs/msg/detail/robot_mode__rosidl_typesupport_introspection_cpp.hpp
[5.697s] -- Installing: /home/logan/worm-picker/install/industrial_msgs/include/industrial_msgs/industrial_msgs/msg/detail/debug_level__type_support.cpp
[5.697s] -- Installing: /home/logan/worm-picker/install/industrial_msgs/include/industrial_msgs/industrial_msgs/msg/detail/service_return_code__rosidl_typesupport_introspection_cpp.hpp
[5.697s] -- Installing: /home/logan/worm-picker/install/industrial_msgs/include/industrial_msgs/industrial_msgs/msg/detail/debug_level__rosidl_typesupport_introspection_cpp.hpp
[5.697s] -- Installing: /home/logan/worm-picker/install/industrial_msgs/include/industrial_msgs/industrial_msgs/msg/detail/robot_status__rosidl_typesupport_introspection_cpp.hpp
[5.697s] -- Installing: /home/logan/worm-picker/install/industrial_msgs/include/industrial_msgs/industrial_msgs/msg/detail/tri_state__type_support.cpp
[5.697s] -- Installing: /home/logan/worm-picker/install/industrial_msgs/include/industrial_msgs/industrial_msgs/msg/detail/device_info__type_support.cpp
[5.697s] -- Installing: /home/logan/worm-picker/install/industrial_msgs/include/industrial_msgs/industrial_msgs/msg/detail/robot_status__type_support.cpp
[5.697s] -- Installing: /home/logan/worm-picker/install/industrial_msgs/include/industrial_msgs/industrial_msgs/msg/detail/device_info__rosidl_typesupport_introspection_cpp.hpp
[5.698s] -- Installing: /home/logan/worm-picker/install/industrial_msgs/include/industrial_msgs/industrial_msgs/msg/detail/service_return_code__type_support.cpp
[5.698s] -- Installing: /home/logan/worm-picker/install/industrial_msgs/include/industrial_msgs/industrial_msgs/msg/detail/tri_state__rosidl_typesupport_introspection_cpp.hpp
[5.698s] -- Installing: /home/logan/worm-picker/install/industrial_msgs/include/industrial_msgs/industrial_msgs/msg/detail/robot_mode__type_support.cpp
[5.698s] -- Installing: /home/logan/worm-picker/install/industrial_msgs/lib/libindustrial_msgs__rosidl_typesupport_introspection_cpp.so
[5.698s] -- Set runtime path of "/home/logan/worm-picker/install/industrial_msgs/lib/libindustrial_msgs__rosidl_typesupport_introspection_cpp.so" to ""
[5.698s] -- Installing: /home/logan/worm-picker/install/industrial_msgs/lib/libindustrial_msgs__rosidl_typesupport_cpp.so
[5.698s] -- Set runtime path of "/home/logan/worm-picker/install/industrial_msgs/lib/libindustrial_msgs__rosidl_typesupport_cpp.so" to ""
[5.698s] -- Installing: /home/logan/worm-picker/install/industrial_msgs/share/industrial_msgs/environment/pythonpath.sh
[5.698s] -- Installing: /home/logan/worm-picker/install/industrial_msgs/share/industrial_msgs/environment/pythonpath.dsv
[5.698s] -- Installing: /home/logan/worm-picker/install/industrial_msgs/local/lib/python3.10/dist-packages/industrial_msgs-0.7.3-py3.10.egg-info
[5.698s] -- Installing: /home/logan/worm-picker/install/industrial_msgs/local/lib/python3.10/dist-packages/industrial_msgs-0.7.3-py3.10.egg-info/dependency_links.txt
[5.698s] -- Installing: /home/logan/worm-picker/install/industrial_msgs/local/lib/python3.10/dist-packages/industrial_msgs-0.7.3-py3.10.egg-info/PKG-INFO
[5.699s] -- Installing: /home/logan/worm-picker/install/industrial_msgs/local/lib/python3.10/dist-packages/industrial_msgs-0.7.3-py3.10.egg-info/SOURCES.txt
[5.699s] -- Installing: /home/logan/worm-picker/install/industrial_msgs/local/lib/python3.10/dist-packages/industrial_msgs-0.7.3-py3.10.egg-info/top_level.txt
[5.699s] -- Installing: /home/logan/worm-picker/install/industrial_msgs/local/lib/python3.10/dist-packages/industrial_msgs
[5.699s] -- Installing: /home/logan/worm-picker/install/industrial_msgs/local/lib/python3.10/dist-packages/industrial_msgs/industrial_msgs_s__rosidl_typesupport_fastrtps_c.cpython-310-x86_64-linux-gnu.so
[5.699s] -- Installing: /home/logan/worm-picker/install/industrial_msgs/local/lib/python3.10/dist-packages/industrial_msgs/libindustrial_msgs__rosidl_generator_py.so
[5.699s] -- Installing: /home/logan/worm-picker/install/industrial_msgs/local/lib/python3.10/dist-packages/industrial_msgs/msg
[5.699s] -- Installing: /home/logan/worm-picker/install/industrial_msgs/local/lib/python3.10/dist-packages/industrial_msgs/msg/_tri_state.py
[5.699s] -- Installing: /home/logan/worm-picker/install/industrial_msgs/local/lib/python3.10/dist-packages/industrial_msgs/msg/_debug_level_s.c
[5.699s] -- Installing: /home/logan/worm-picker/install/industrial_msgs/local/lib/python3.10/dist-packages/industrial_msgs/msg/_device_info_s.c
[5.699s] -- Installing: /home/logan/worm-picker/install/industrial_msgs/local/lib/python3.10/dist-packages/industrial_msgs/msg/_robot_mode.py
[5.699s] -- Installing: /home/logan/worm-picker/install/industrial_msgs/local/lib/python3.10/dist-packages/industrial_msgs/msg/_service_return_code.py
[5.699s] -- Installing: /home/logan/worm-picker/install/industrial_msgs/local/lib/python3.10/dist-packages/industrial_msgs/msg/_service_return_code_s.c
[5.699s] -- Installing: /home/logan/worm-picker/install/industrial_msgs/local/lib/python3.10/dist-packages/industrial_msgs/msg/_robot_status.py
[5.699s] -- Installing: /home/logan/worm-picker/install/industrial_msgs/local/lib/python3.10/dist-packages/industrial_msgs/msg/_debug_level.py
[5.700s] -- Installing: /home/logan/worm-picker/install/industrial_msgs/local/lib/python3.10/dist-packages/industrial_msgs/msg/__init__.py
[5.700s] -- Installing: /home/logan/worm-picker/install/industrial_msgs/local/lib/python3.10/dist-packages/industrial_msgs/msg/_robot_mode_s.c
[5.700s] -- Installing: /home/logan/worm-picker/install/industrial_msgs/local/lib/python3.10/dist-packages/industrial_msgs/msg/_device_info.py
[5.700s] -- Installing: /home/logan/worm-picker/install/industrial_msgs/local/lib/python3.10/dist-packages/industrial_msgs/msg/_tri_state_s.c
[5.700s] -- Installing: /home/logan/worm-picker/install/industrial_msgs/local/lib/python3.10/dist-packages/industrial_msgs/msg/_robot_status_s.c
[5.700s] -- Installing: /home/logan/worm-picker/install/industrial_msgs/local/lib/python3.10/dist-packages/industrial_msgs/industrial_msgs_s__rosidl_typesupport_c.cpython-310-x86_64-linux-gnu.so
[5.700s] -- Installing: /home/logan/worm-picker/install/industrial_msgs/local/lib/python3.10/dist-packages/industrial_msgs/__init__.py
[5.700s] -- Installing: /home/logan/worm-picker/install/industrial_msgs/local/lib/python3.10/dist-packages/industrial_msgs/_industrial_msgs_s.ep.rosidl_typesupport_fastrtps_c.c
[5.700s] -- Installing: /home/logan/worm-picker/install/industrial_msgs/local/lib/python3.10/dist-packages/industrial_msgs/_industrial_msgs_s.ep.rosidl_typesupport_introspection_c.c
[5.700s] -- Installing: /home/logan/worm-picker/install/industrial_msgs/local/lib/python3.10/dist-packages/industrial_msgs/industrial_msgs_s__rosidl_typesupport_introspection_c.cpython-310-x86_64-linux-gnu.so
[5.700s] -- Installing: /home/logan/worm-picker/install/industrial_msgs/local/lib/python3.10/dist-packages/industrial_msgs/_industrial_msgs_s.ep.rosidl_typesupport_c.c
[5.731s] Listing '/home/logan/worm-picker/install/industrial_msgs/local/lib/python3.10/dist-packages/industrial_msgs'...
[5.731s] Compiling '/home/logan/worm-picker/install/industrial_msgs/local/lib/python3.10/dist-packages/industrial_msgs/__init__.py'...
[5.731s] Listing '/home/logan/worm-picker/install/industrial_msgs/local/lib/python3.10/dist-packages/industrial_msgs/msg'...
[5.731s] Compiling '/home/logan/worm-picker/install/industrial_msgs/local/lib/python3.10/dist-packages/industrial_msgs/msg/__init__.py'...
[5.731s] Compiling '/home/logan/worm-picker/install/industrial_msgs/local/lib/python3.10/dist-packages/industrial_msgs/msg/_debug_level.py'...
[5.731s] Compiling '/home/logan/worm-picker/install/industrial_msgs/local/lib/python3.10/dist-packages/industrial_msgs/msg/_device_info.py'...
[5.731s] Compiling '/home/logan/worm-picker/install/industrial_msgs/local/lib/python3.10/dist-packages/industrial_msgs/msg/_robot_mode.py'...
[5.731s] Compiling '/home/logan/worm-picker/install/industrial_msgs/local/lib/python3.10/dist-packages/industrial_msgs/msg/_robot_status.py'...
[5.731s] Compiling '/home/logan/worm-picker/install/industrial_msgs/local/lib/python3.10/dist-packages/industrial_msgs/msg/_service_return_code.py'...
[5.732s] Compiling '/home/logan/worm-picker/install/industrial_msgs/local/lib/python3.10/dist-packages/industrial_msgs/msg/_tri_state.py'...
[5.734s] -- Installing: /home/logan/worm-picker/install/industrial_msgs/local/lib/python3.10/dist-packages/industrial_msgs/industrial_msgs_s__rosidl_typesupport_fastrtps_c.cpython-310-x86_64-linux-gnu.so
[5.734s] -- Set runtime path of "/home/logan/worm-picker/install/industrial_msgs/local/lib/python3.10/dist-packages/industrial_msgs/industrial_msgs_s__rosidl_typesupport_fastrtps_c.cpython-310-x86_64-linux-gnu.so" to ""
[5.735s] -- Installing: /home/logan/worm-picker/install/industrial_msgs/local/lib/python3.10/dist-packages/industrial_msgs/industrial_msgs_s__rosidl_typesupport_introspection_c.cpython-310-x86_64-linux-gnu.so
[5.735s] -- Set runtime path of "/home/logan/worm-picker/install/industrial_msgs/local/lib/python3.10/dist-packages/industrial_msgs/industrial_msgs_s__rosidl_typesupport_introspection_c.cpython-310-x86_64-linux-gnu.so" to ""
[5.735s] -- Installing: /home/logan/worm-picker/install/industrial_msgs/local/lib/python3.10/dist-packages/industrial_msgs/industrial_msgs_s__rosidl_typesupport_c.cpython-310-x86_64-linux-gnu.so
[5.735s] -- Set runtime path of "/home/logan/worm-picker/install/industrial_msgs/local/lib/python3.10/dist-packages/industrial_msgs/industrial_msgs_s__rosidl_typesupport_c.cpython-310-x86_64-linux-gnu.so" to ""
[5.735s] -- Installing: /home/logan/worm-picker/install/industrial_msgs/lib/libindustrial_msgs__rosidl_generator_py.so
[5.735s] -- Set runtime path of "/home/logan/worm-picker/install/industrial_msgs/lib/libindustrial_msgs__rosidl_generator_py.so" to ""
[5.735s] -- Installing: /home/logan/worm-picker/install/industrial_msgs/share/industrial_msgs/msg/DebugLevel.idl
[5.736s] -- Installing: /home/logan/worm-picker/install/industrial_msgs/share/industrial_msgs/msg/DeviceInfo.idl
[5.736s] -- Installing: /home/logan/worm-picker/install/industrial_msgs/share/industrial_msgs/msg/RobotMode.idl
[5.736s] -- Installing: /home/logan/worm-picker/install/industrial_msgs/share/industrial_msgs/msg/RobotStatus.idl
[5.736s] -- Installing: /home/logan/worm-picker/install/industrial_msgs/share/industrial_msgs/msg/ServiceReturnCode.idl
[5.736s] -- Installing: /home/logan/worm-picker/install/industrial_msgs/share/industrial_msgs/msg/TriState.idl
[5.736s] -- Installing: /home/logan/worm-picker/install/industrial_msgs/share/industrial_msgs/msg/DebugLevel.msg
[5.736s] -- Installing: /home/logan/worm-picker/install/industrial_msgs/share/industrial_msgs/msg/DeviceInfo.msg
[5.736s] -- Installing: /home/logan/worm-picker/install/industrial_msgs/share/industrial_msgs/msg/RobotMode.msg
[5.736s] -- Installing: /home/logan/worm-picker/install/industrial_msgs/share/industrial_msgs/msg/RobotStatus.msg
[5.736s] -- Installing: /home/logan/worm-picker/install/industrial_msgs/share/industrial_msgs/msg/ServiceReturnCode.msg
[5.737s] -- Installing: /home/logan/worm-picker/install/industrial_msgs/share/industrial_msgs/msg/TriState.msg
[5.737s] -- Installing: /home/logan/worm-picker/install/industrial_msgs/share/ament_index/resource_index/package_run_dependencies/industrial_msgs
[5.737s] -- Installing: /home/logan/worm-picker/install/industrial_msgs/share/ament_index/resource_index/parent_prefix_path/industrial_msgs
[5.737s] -- Installing: /home/logan/worm-picker/install/industrial_msgs/share/industrial_msgs/environment/ament_prefix_path.sh
[5.737s] -- Installing: /home/logan/worm-picker/install/industrial_msgs/share/industrial_msgs/environment/ament_prefix_path.dsv
[5.737s] -- Installing: /home/logan/worm-picker/install/industrial_msgs/share/industrial_msgs/environment/path.sh
[5.737s] -- Installing: /home/logan/worm-picker/install/industrial_msgs/share/industrial_msgs/environment/path.dsv
[5.737s] -- Installing: /home/logan/worm-picker/install/industrial_msgs/share/industrial_msgs/local_setup.bash
[5.737s] -- Installing: /home/logan/worm-picker/install/industrial_msgs/share/industrial_msgs/local_setup.sh
[5.737s] -- Installing: /home/logan/worm-picker/install/industrial_msgs/share/industrial_msgs/local_setup.zsh
[5.737s] -- Installing: /home/logan/worm-picker/install/industrial_msgs/share/industrial_msgs/local_setup.dsv
[5.738s] -- Installing: /home/logan/worm-picker/install/industrial_msgs/share/industrial_msgs/package.dsv
[5.738s] -- Installing: /home/logan/worm-picker/install/industrial_msgs/share/ament_index/resource_index/packages/industrial_msgs
[5.738s] -- Installing: /home/logan/worm-picker/install/industrial_msgs/share/industrial_msgs/cmake/export_industrial_msgs__rosidl_generator_cExport.cmake
[5.738s] -- Installing: /home/logan/worm-picker/install/industrial_msgs/share/industrial_msgs/cmake/export_industrial_msgs__rosidl_generator_cExport-noconfig.cmake
[5.738s] -- Installing: /home/logan/worm-picker/install/industrial_msgs/share/industrial_msgs/cmake/export_industrial_msgs__rosidl_typesupport_fastrtps_cExport.cmake
[5.738s] -- Installing: /home/logan/worm-picker/install/industrial_msgs/share/industrial_msgs/cmake/export_industrial_msgs__rosidl_typesupport_fastrtps_cExport-noconfig.cmake
[5.738s] -- Installing: /home/logan/worm-picker/install/industrial_msgs/share/industrial_msgs/cmake/industrial_msgs__rosidl_typesupport_introspection_cExport.cmake
[5.738s] -- Installing: /home/logan/worm-picker/install/industrial_msgs/share/industrial_msgs/cmake/industrial_msgs__rosidl_typesupport_introspection_cExport-noconfig.cmake
[5.738s] -- Installing: /home/logan/worm-picker/install/industrial_msgs/share/industrial_msgs/cmake/industrial_msgs__rosidl_typesupport_cExport.cmake
[5.738s] -- Installing: /home/logan/worm-picker/install/industrial_msgs/share/industrial_msgs/cmake/industrial_msgs__rosidl_typesupport_cExport-noconfig.cmake
[5.739s] -- Installing: /home/logan/worm-picker/install/industrial_msgs/share/industrial_msgs/cmake/export_industrial_msgs__rosidl_generator_cppExport.cmake
[5.739s] -- Installing: /home/logan/worm-picker/install/industrial_msgs/share/industrial_msgs/cmake/export_industrial_msgs__rosidl_typesupport_fastrtps_cppExport.cmake
[5.739s] -- Installing: /home/logan/worm-picker/install/industrial_msgs/share/industrial_msgs/cmake/export_industrial_msgs__rosidl_typesupport_fastrtps_cppExport-noconfig.cmake
[5.739s] -- Installing: /home/logan/worm-picker/install/industrial_msgs/share/industrial_msgs/cmake/industrial_msgs__rosidl_typesupport_introspection_cppExport.cmake
[5.739s] -- Installing: /home/logan/worm-picker/install/industrial_msgs/share/industrial_msgs/cmake/industrial_msgs__rosidl_typesupport_introspection_cppExport-noconfig.cmake
[5.739s] -- Installing: /home/logan/worm-picker/install/industrial_msgs/share/industrial_msgs/cmake/industrial_msgs__rosidl_typesupport_cppExport.cmake
[5.739s] -- Installing: /home/logan/worm-picker/install/industrial_msgs/share/industrial_msgs/cmake/industrial_msgs__rosidl_typesupport_cppExport-noconfig.cmake
[5.739s] -- Installing: /home/logan/worm-picker/install/industrial_msgs/share/industrial_msgs/cmake/export_industrial_msgs__rosidl_generator_pyExport.cmake
[5.739s] -- Installing: /home/logan/worm-picker/install/industrial_msgs/share/industrial_msgs/cmake/export_industrial_msgs__rosidl_generator_pyExport-noconfig.cmake
[5.739s] -- Installing: /home/logan/worm-picker/install/industrial_msgs/share/industrial_msgs/cmake/rosidl_cmake-extras.cmake
[5.739s] -- Installing: /home/logan/worm-picker/install/industrial_msgs/share/industrial_msgs/cmake/ament_cmake_export_dependencies-extras.cmake
[5.739s] -- Installing: /home/logan/worm-picker/install/industrial_msgs/share/industrial_msgs/cmake/ament_cmake_export_include_directories-extras.cmake
[5.740s] -- Installing: /home/logan/worm-picker/install/industrial_msgs/share/industrial_msgs/cmake/ament_cmake_export_libraries-extras.cmake
[5.740s] -- Installing: /home/logan/worm-picker/install/industrial_msgs/share/industrial_msgs/cmake/ament_cmake_export_targets-extras.cmake
[5.740s] -- Installing: /home/logan/worm-picker/install/industrial_msgs/share/industrial_msgs/cmake/rosidl_cmake_export_typesupport_targets-extras.cmake
[5.740s] -- Installing: /home/logan/worm-picker/install/industrial_msgs/share/industrial_msgs/cmake/rosidl_cmake_export_typesupport_libraries-extras.cmake
[5.740s] -- Installing: /home/logan/worm-picker/install/industrial_msgs/share/industrial_msgs/cmake/industrial_msgsConfig.cmake
[5.740s] -- Installing: /home/logan/worm-picker/install/industrial_msgs/share/industrial_msgs/cmake/industrial_msgsConfig-version.cmake
[5.740s] -- Installing: /home/logan/worm-picker/install/industrial_msgs/share/industrial_msgs/package.xml
[5.742s] Invoked command in '/home/logan/worm-picker/build/industrial_msgs' returned '0': CMAKE_PREFIX_PATH=${CMAKE_PREFIX_PATH}:/home/logan/ws_moveit2/install/generate_parameter_module_example:/home/logan/ws_moveit2/install/moveit_configs_utils:/home/logan/ws_moveit2/install/generate_parameter_library_py:/opt/ros/humble /usr/bin/cmake --install /home/logan/worm-picker/build/industrial_msgs
