-- The C compiler identification is GNU 11.4.0
-- The CXX compiler identification is GNU 11.4.0
-- Detecting C compiler ABI info
-- Detecting C compiler ABI info - done
-- Check for working C compiler: /usr/bin/cc - skipped
-- Detecting C compile features
-- Detecting C compile features - done
-- Detecting CXX compiler ABI info
-- Detecting CXX compiler ABI info - done
-- Check for working CXX compiler: /usr/bin/c++ - skipped
-- Detecting CXX compile features
-- Detecting CXX compile features - done
-- Found ament_cmake: 1.3.10 (/opt/ros/humble/share/ament_cmake/cmake)
-- Found Python3: /usr/bin/python3 (found version "3.10.12") found components: Interpreter 
-- Found rclcpp: 16.0.10 (/opt/ros/humble/share/rclcpp/cmake)
-- Found rosidl_generator_c: 3.1.5 (/opt/ros/humble/share/rosidl_generator_c/cmake)
-- Found rosidl_adapter: 3.1.5 (/opt/ros/humble/share/rosidl_adapter/cmake)
-- Found rosidl_generator_cpp: 3.1.5 (/opt/ros/humble/share/rosidl_generator_cpp/cmake)
-- Using all available rosidl_typesupport_c: rosidl_typesupport_fastrtps_c;rosidl_typesupport_introspection_c
-- Using all available rosidl_typesupport_cpp: rosidl_typesupport_fastrtps_cpp;rosidl_typesupport_introspection_cpp
-- Found rmw_implementation_cmake: 6.1.2 (/opt/ros/humble/share/rmw_implementation_cmake/cmake)
-- Found rmw_fastrtps_cpp: 6.2.7 (/opt/ros/humble/share/rmw_fastrtps_cpp/cmake)
-- Found OpenSSL: /usr/lib/x86_64-linux-gnu/libcrypto.so (found version "3.0.2")  
-- Found FastRTPS: /opt/ros/humble/include  
-- Using RMW implementation 'rmw_fastrtps_cpp' as default
-- Looking for pthread.h
-- Looking for pthread.h - found
-- Performing Test CMAKE_HAVE_LIBC_PTHREAD
-- Performing Test CMAKE_HAVE_LIBC_PTHREAD - Success
-- Found Threads: TRUE  
-- Found worm_picker_custom_msgs: 0.0.0 (/home/logan/worm-picker/install/worm_picker_custom_msgs/share/worm_picker_custom_msgs/cmake)
-- Found moveit_core: 2.5.5 (/home/logan/ws_moveit2/install/moveit_core/share/moveit_core/cmake)
-- Found Boost: /usr/lib/x86_64-linux-gnu/cmake/Boost-1.74.0/BoostConfig.cmake (found version "1.74.0") found components: chrono date_time filesystem iostreams program_options regex serialization system thread 
-- Found parameter_traits: 0.3.7 (/home/logan/ws_moveit2/install/parameter_traits/share/parameter_traits/cmake)
-- Found Eigen3: TRUE (found version "3.4.0") 
-- Found rclcpp_lifecycle: 16.0.10 (/opt/ros/humble/share/rclcpp_lifecycle/cmake)
-- Found Boost: /usr/lib/x86_64-linux-gnu/cmake/Boost-1.74.0/BoostConfig.cmake (found version "1.74.0") found components: filesystem 
-- library: /usr/lib/x86_64-linux-gnu/libcurl.so
-- Ensuring Eigen3 include directory is part of orocos-kdl CMake target
-- Found moveit_ros_planning_interface: 2.5.5 (/home/logan/ws_moveit2/install/moveit_ros_planning_interface/share/moveit_ros_planning_interface/cmake)
-- Found Boost: /usr/lib/x86_64-linux-gnu/cmake/Boost-1.74.0/BoostConfig.cmake (found version "1.74.0") found components: date_time filesystem program_options system thread 
-- Found Boost: /usr/lib/x86_64-linux-gnu/cmake/Boost-1.74.0/BoostConfig.cmake (found version "1.74.0") found components: system filesystem date_time program_options thread chrono 
-- Found Boost: /usr/lib/x86_64-linux-gnu/cmake/Boost-1.74.0/BoostConfig.cmake (found version "1.74.0") found components: thread system filesystem regex date_time program_options 
-- Found Boost: /usr/lib/x86_64-linux-gnu/cmake/Boost-1.74.0/BoostConfig.cmake (found version "1.74.0") found components: system filesystem date_time program_options thread 
-- Found moveit_task_constructor_core: 0.1.3 (/home/logan/ws_moveit2/install/moveit_task_constructor_core/share/moveit_task_constructor_core/cmake)
-- Found moveit_task_constructor_visualization: 0.1.3 (/home/logan/ws_moveit2/install/moveit_task_constructor_visualization/share/moveit_task_constructor_visualization/cmake)
-- Found Boost: /usr/lib/x86_64-linux-gnu/cmake/Boost-1.74.0/BoostConfig.cmake (found version "1.74.0") found components: thread date_time system filesystem 
-- Setting OGRE_DIR to: '/opt/ros/humble/share/rviz_ogre_vendor/cmake/../../../opt/rviz_ogre_vendor/lib/OGRE/cmake'
-- Found OGRE
--   static     : OFF
--   components : HLMS;MeshLodGenerator;Overlay;Paging;Property;RTShaderSystem;Terrain;Volume
--   plugins    : Plugin_BSPSceneManager;Plugin_OctreeSceneManager;Plugin_PCZSceneManager;Plugin_ParticleFX;RenderSystem_GL;RenderSystem_GL3Plus;Codec_STBI
--   media      : /opt/ros/humble/opt/rviz_ogre_vendor/share/OGRE/Media
-- OGRE_LIBRARIES: OgreHLMS;OgreMeshLodGenerator;OgreOverlay;OgrePaging;OgreProperty;OgreRTShaderSystem;OgreTerrain;OgreVolume;OgreMain
-- OGRE_LIBRARY_DIRS: /opt/ros/humble/opt/rviz_ogre_vendor/lib
-- OGRE_PLUGINS: Plugin_BSPSceneManager;Plugin_OctreeSceneManager;Plugin_PCZSceneManager;Plugin_ParticleFX;RenderSystem_GL;RenderSystem_GL3Plus;Codec_STBI
-- OGRE_PLUGIN_DIR: /opt/ros/humble/opt/rviz_ogre_vendor/lib/OGRE
-- rviz_ogre_vendor::OgreOverlay for IMPORTED_LOCATION_RELEASE: /opt/ros/humble/opt/rviz_ogre_vendor/lib/libOgreOverlay.so
-- rviz_ogre_vendor::OgreOverlay for IMPORTED_LOCATION_DEBUG: /opt/ros/humble/opt/rviz_ogre_vendor/lib/libOgreOverlay.so
-- rviz_ogre_vendor::OgreMain for IMPORTED_LOCATION_RELEASE: /opt/ros/humble/opt/rviz_ogre_vendor/lib/libOgreMain.so
-- rviz_ogre_vendor::OgreMain for IMPORTED_LOCATION_DEBUG: /opt/ros/humble/opt/rviz_ogre_vendor/lib/libOgreMain.so
-- Could not find freeimage library
-- Found ZLIB: /usr/lib/x86_64-linux-gnu/libz.so (found version "1.2.11") 
-- Found OpenGL: /usr/lib/x86_64-linux-gnu/libOpenGL.so   
-- Found X11: /usr/include   
-- Looking for XOpenDisplay in /usr/lib/x86_64-linux-gnu/libX11.so;/usr/lib/x86_64-linux-gnu/libXext.so
-- Looking for XOpenDisplay in /usr/lib/x86_64-linux-gnu/libX11.so;/usr/lib/x86_64-linux-gnu/libXext.so - found
-- Looking for gethostbyname
-- Looking for gethostbyname - found
-- Looking for connect
-- Looking for connect - found
-- Looking for remove
-- Looking for remove - found
-- Looking for shmat
-- Looking for shmat - found
-- Looking for IceConnectionNumber in ICE
-- Looking for IceConnectionNumber in ICE - found
-- Setting assimp_DIR to: '/opt/ros/humble/share/rviz_assimp_vendor/cmake/../../../opt/rviz_assimp_vendor/lib/cmake/assimp-4.1'
-- Found motoros2_interfaces: 0.1.3 (/home/logan/worm-picker/install/motoros2_interfaces/share/motoros2_interfaces/cmake)
-- Found rosidl_default_generators: 1.2.0 (/opt/ros/humble/share/rosidl_default_generators/cmake)
-- Found worm_picker_moveit_config: 0.1.0 (/home/logan/worm-picker/install/worm_picker_moveit_config/share/worm_picker_moveit_config/cmake)
-- Configuring done
-- Generating done
-- Build files have been written to: /home/logan/worm-picker/build/worm_picker_core
[ 25%] [32mBuilding CXX object CMakeFiles/command_networking.dir/src/networking/ros_command_client.cpp.o[0m
[ 25%] [32mBuilding CXX object CMakeFiles/task_command_client.dir/src/tools/command_client.cpp.o[0m
[ 25%] [32mBuilding CXX object CMakeFiles/command_networking.dir/src/networking/tcp_socket_server.cpp.o[0m
[ 33%] [32mBuilding CXX object CMakeFiles/worm_picker_robot.dir/src/tasks/worm_picker_task_controller.cpp.o[0m
[ 41%] [32mBuilding CXX object CMakeFiles/plate_calibration.dir/src/calibration/plate_calibration.cpp.o[0m
[ 58%] [32mBuilding CXX object CMakeFiles/worm_picker_robot.dir/src/worm_picker_main.cpp.o[0m
[ 58%] [32mBuilding CXX object CMakeFiles/worm_picker_robot.dir/src/tasks/task_data_structure.cpp.o[0m
[ 66%] [32mBuilding CXX object CMakeFiles/worm_picker_robot.dir/src/tasks/task_factory.cpp.o[0m
[ 75%] [32m[1mLinking CXX executable task_command_client[0m
[ 75%] Built target task_command_client
[ 83%] [32m[1mLinking CXX executable command_networking[0m
[ 83%] Built target command_networking
[ 91%] [32m[1mLinking CXX executable plate_calibration[0m
[ 91%] Built target plate_calibration
[100%] [32m[1mLinking CXX executable worm_picker_robot[0m
[100%] Built target worm_picker_robot
-- Install configuration: "Debug"
-- Installing: /home/logan/worm-picker/install/worm_picker_core/lib/worm_picker_core/worm_picker_robot
-- Set runtime path of "/home/logan/worm-picker/install/worm_picker_core/lib/worm_picker_core/worm_picker_robot" to ""
-- Installing: /home/logan/worm-picker/install/worm_picker_core/lib/worm_picker_core/task_command_client
-- Set runtime path of "/home/logan/worm-picker/install/worm_picker_core/lib/worm_picker_core/task_command_client" to ""
-- Installing: /home/logan/worm-picker/install/worm_picker_core/lib/worm_picker_core/command_networking
-- Set runtime path of "/home/logan/worm-picker/install/worm_picker_core/lib/worm_picker_core/command_networking" to ""
-- Installing: /home/logan/worm-picker/install/worm_picker_core/lib/worm_picker_core/plate_calibration
-- Set runtime path of "/home/logan/worm-picker/install/worm_picker_core/lib/worm_picker_core/plate_calibration" to ""
-- Installing: /home/logan/worm-picker/install/worm_picker_core/share/worm_picker_core/
-- Installing: /home/logan/worm-picker/install/worm_picker_core/share/worm_picker_core//worm_picker_core.launch.py
-- Installing: /home/logan/worm-picker/install/worm_picker_core/share/ament_index/resource_index/package_run_dependencies/worm_picker_core
-- Installing: /home/logan/worm-picker/install/worm_picker_core/share/ament_index/resource_index/parent_prefix_path/worm_picker_core
-- Installing: /home/logan/worm-picker/install/worm_picker_core/share/worm_picker_core/environment/ament_prefix_path.sh
-- Installing: /home/logan/worm-picker/install/worm_picker_core/share/worm_picker_core/environment/ament_prefix_path.dsv
-- Installing: /home/logan/worm-picker/install/worm_picker_core/share/worm_picker_core/environment/path.sh
-- Installing: /home/logan/worm-picker/install/worm_picker_core/share/worm_picker_core/environment/path.dsv
-- Installing: /home/logan/worm-picker/install/worm_picker_core/share/worm_picker_core/local_setup.bash
-- Installing: /home/logan/worm-picker/install/worm_picker_core/share/worm_picker_core/local_setup.sh
-- Installing: /home/logan/worm-picker/install/worm_picker_core/share/worm_picker_core/local_setup.zsh
-- Installing: /home/logan/worm-picker/install/worm_picker_core/share/worm_picker_core/local_setup.dsv
-- Installing: /home/logan/worm-picker/install/worm_picker_core/share/worm_picker_core/package.dsv
-- Installing: /home/logan/worm-picker/install/worm_picker_core/share/ament_index/resource_index/packages/worm_picker_core
-- Installing: /home/logan/worm-picker/install/worm_picker_core/share/worm_picker_core/cmake/ament_cmake_export_dependencies-extras.cmake
-- Installing: /home/logan/worm-picker/install/worm_picker_core/share/worm_picker_core/cmake/worm_picker_coreConfig.cmake
-- Installing: /home/logan/worm-picker/install/worm_picker_core/share/worm_picker_core/cmake/worm_picker_coreConfig-version.cmake
-- Installing: /home/logan/worm-picker/install/worm_picker_core/share/worm_picker_core/package.xml
